2025-01-02T18:51:22.434+01:00  INFO 11532 --- [saloum-service] [restartedMain] s.s.s.SaloumServiceApplication           : Starting SaloumServiceApplication using Java 17.0.12 with PID 11532 (C:\saloum-service\target\classes started by User-Hp in C:\saloum-service)
2025-01-02T18:51:22.526+01:00 DEBUG 11532 --- [saloum-service] [restartedMain] s.s.s.SaloumServiceApplication           : Running with Spring Boot v3.4.0, Spring v6.2.0
2025-01-02T18:51:22.529+01:00  INFO 11532 --- [saloum-service] [restartedMain] s.s.s.SaloumServiceApplication           : No active profile set, falling back to 1 default profile: "default"
2025-01-02T18:51:23.953+01:00  INFO 11532 --- [saloum-service] [restartedMain] .e.DevToolsPropertyDefaultsPostProcessor : Devtools property defaults active! Set 'spring.devtools.add-properties' to 'false' to disable
2025-01-02T18:51:23.954+01:00  INFO 11532 --- [saloum-service] [restartedMain] .e.DevToolsPropertyDefaultsPostProcessor : For additional web related logging consider setting the 'logging.level.web' property to 'DEBUG'
2025-01-02T18:51:33.399+01:00  INFO 11532 --- [saloum-service] [restartedMain] .s.d.r.c.RepositoryConfigurationDelegate : Bootstrapping Spring Data JPA repositories in DEFAULT mode.
2025-01-02T18:51:34.261+01:00  INFO 11532 --- [saloum-service] [restartedMain] .s.d.r.c.RepositoryConfigurationDelegate : Finished Spring Data repository scanning in 819 ms. Found 12 JPA repository interfaces.
2025-01-02T18:51:37.807+01:00  INFO 11532 --- [saloum-service] [restartedMain] o.s.b.w.embedded.tomcat.TomcatWebServer  : Tomcat initialized with port 8080 (http)
2025-01-02T18:51:37.883+01:00  INFO 11532 --- [saloum-service] [restartedMain] o.apache.catalina.core.StandardService   : Starting service [Tomcat]
2025-01-02T18:51:37.885+01:00  INFO 11532 --- [saloum-service] [restartedMain] o.apache.catalina.core.StandardEngine    : Starting Servlet engine: [Apache Tomcat/10.1.33]
2025-01-02T18:51:38.106+01:00  INFO 11532 --- [saloum-service] [restartedMain] o.a.c.c.C.[Tomcat].[localhost].[/]       : Initializing Spring embedded WebApplicationContext
2025-01-02T18:51:38.107+01:00  INFO 11532 --- [saloum-service] [restartedMain] w.s.c.ServletWebServerApplicationContext : Root WebApplicationContext: initialization completed in 14152 ms
2025-01-02T18:51:39.018+01:00 DEBUG 11532 --- [saloum-service] [restartedMain] j.LocalContainerEntityManagerFactoryBean : Building JPA container EntityManagerFactory for persistence unit 'default'
2025-01-02T18:51:39.143+01:00  INFO 11532 --- [saloum-service] [restartedMain] o.hibernate.jpa.internal.util.LogHelper  : HHH000204: Processing PersistenceUnitInfo [name: default]
2025-01-02T18:51:39.648+01:00  INFO 11532 --- [saloum-service] [restartedMain] org.hibernate.Version                    : HHH000412: Hibernate ORM core version 6.6.2.Final
2025-01-02T18:51:39.979+01:00  INFO 11532 --- [saloum-service] [restartedMain] o.h.c.internal.RegionFactoryInitiator    : HHH000026: Second-level cache disabled
2025-01-02T18:51:42.060+01:00  INFO 11532 --- [saloum-service] [restartedMain] o.s.o.j.p.SpringPersistenceUnitInfo      : No LoadTimeWeaver setup: ignoring JPA class transformer
2025-01-02T18:51:42.268+01:00  INFO 11532 --- [saloum-service] [restartedMain] com.zaxxer.hikari.HikariDataSource       : HikariPool-1 - Starting...
2025-01-02T18:51:49.196+01:00  INFO 11532 --- [saloum-service] [restartedMain] com.zaxxer.hikari.pool.HikariPool        : HikariPool-1 - Added connection com.mysql.cj.jdbc.ConnectionImpl@647a2dd3
2025-01-02T18:51:49.202+01:00  INFO 11532 --- [saloum-service] [restartedMain] com.zaxxer.hikari.HikariDataSource       : HikariPool-1 - Start completed.
2025-01-02T18:51:50.762+01:00  WARN 11532 --- [saloum-service] [restartedMain] org.hibernate.orm.deprecation            : HHH90000025: MySQLDialect does not need to be specified explicitly using 'hibernate.dialect' (remove the property setting and it will be selected by default)
2025-01-02T18:51:50.848+01:00  INFO 11532 --- [saloum-service] [restartedMain] org.hibernate.orm.connections.pooling    : HHH10001005: Database info:
	Database JDBC URL [Connecting through datasource 'HikariDataSource (HikariPool-1)']
	Database driver: undefined/unknown
	Database version: 8.0.40
	Autocommit mode: undefined/unknown
	Isolation level: undefined/unknown
	Minimum pool size: undefined/unknown
	Maximum pool size: undefined/unknown
2025-01-02T18:51:55.275+01:00  INFO 11532 --- [saloum-service] [restartedMain] o.h.e.t.j.p.i.JtaPlatformInitiator       : HHH000489: No JTA platform available (set 'hibernate.transaction.jta.platform' to enable JTA platform integration)
2025-01-02T18:51:57.599+01:00  INFO 11532 --- [saloum-service] [restartedMain] j.LocalContainerEntityManagerFactoryBean : Initialized JPA EntityManagerFactory for persistence unit 'default'
2025-01-02T18:51:58.351+01:00 DEBUG 11532 --- [saloum-service] [restartedMain] tor$SharedEntityManagerInvocationHandler : Creating new EntityManager for shared EntityManager invocation
2025-01-02T18:51:58.490+01:00 DEBUG 11532 --- [saloum-service] [restartedMain] tor$SharedEntityManagerInvocationHandler : Creating new EntityManager for shared EntityManager invocation
2025-01-02T18:51:58.825+01:00 DEBUG 11532 --- [saloum-service] [restartedMain] tor$SharedEntityManagerInvocationHandler : Creating new EntityManager for shared EntityManager invocation
2025-01-02T18:51:59.005+01:00 DEBUG 11532 --- [saloum-service] [restartedMain] tor$SharedEntityManagerInvocationHandler : Creating new EntityManager for shared EntityManager invocation
2025-01-02T18:51:59.007+01:00 DEBUG 11532 --- [saloum-service] [restartedMain] tor$SharedEntityManagerInvocationHandler : Creating new EntityManager for shared EntityManager invocation
2025-01-02T18:51:59.178+01:00 DEBUG 11532 --- [saloum-service] [restartedMain] tor$SharedEntityManagerInvocationHandler : Creating new EntityManager for shared EntityManager invocation
2025-01-02T18:51:59.406+01:00 DEBUG 11532 --- [saloum-service] [restartedMain] tor$SharedEntityManagerInvocationHandler : Creating new EntityManager for shared EntityManager invocation
2025-01-02T18:51:59.409+01:00 DEBUG 11532 --- [saloum-service] [restartedMain] tor$SharedEntityManagerInvocationHandler : Creating new EntityManager for shared EntityManager invocation
2025-01-02T18:51:59.439+01:00 DEBUG 11532 --- [saloum-service] [restartedMain] tor$SharedEntityManagerInvocationHandler : Creating new EntityManager for shared EntityManager invocation
2025-01-02T18:51:59.441+01:00 DEBUG 11532 --- [saloum-service] [restartedMain] tor$SharedEntityManagerInvocationHandler : Creating new EntityManager for shared EntityManager invocation
2025-01-02T18:51:59.683+01:00 DEBUG 11532 --- [saloum-service] [restartedMain] tor$SharedEntityManagerInvocationHandler : Creating new EntityManager for shared EntityManager invocation
2025-01-02T18:51:59.685+01:00 DEBUG 11532 --- [saloum-service] [restartedMain] tor$SharedEntityManagerInvocationHandler : Creating new EntityManager for shared EntityManager invocation
2025-01-02T18:51:59.706+01:00 DEBUG 11532 --- [saloum-service] [restartedMain] tor$SharedEntityManagerInvocationHandler : Creating new EntityManager for shared EntityManager invocation
2025-01-02T18:51:59.708+01:00 DEBUG 11532 --- [saloum-service] [restartedMain] tor$SharedEntityManagerInvocationHandler : Creating new EntityManager for shared EntityManager invocation
2025-01-02T18:51:59.731+01:00 DEBUG 11532 --- [saloum-service] [restartedMain] tor$SharedEntityManagerInvocationHandler : Creating new EntityManager for shared EntityManager invocation
2025-01-02T18:51:59.747+01:00 DEBUG 11532 --- [saloum-service] [restartedMain] tor$SharedEntityManagerInvocationHandler : Creating new EntityManager for shared EntityManager invocation
2025-01-02T18:51:59.803+01:00 DEBUG 11532 --- [saloum-service] [restartedMain] tor$SharedEntityManagerInvocationHandler : Creating new EntityManager for shared EntityManager invocation
2025-01-02T18:51:59.805+01:00 DEBUG 11532 --- [saloum-service] [restartedMain] tor$SharedEntityManagerInvocationHandler : Creating new EntityManager for shared EntityManager invocation
2025-01-02T18:51:59.821+01:00 DEBUG 11532 --- [saloum-service] [restartedMain] tor$SharedEntityManagerInvocationHandler : Creating new EntityManager for shared EntityManager invocation
2025-01-02T18:51:59.823+01:00 DEBUG 11532 --- [saloum-service] [restartedMain] tor$SharedEntityManagerInvocationHandler : Creating new EntityManager for shared EntityManager invocation
2025-01-02T18:52:00.293+01:00  WARN 11532 --- [saloum-service] [restartedMain] JpaBaseConfiguration$JpaWebConfiguration : spring.jpa.open-in-view is enabled by default. Therefore, database queries may be performed during view rendering. Explicitly configure spring.jpa.open-in-view to disable this warning
2025-01-02T18:52:01.587+01:00 DEBUG 11532 --- [saloum-service] [restartedMain] tor$SharedEntityManagerInvocationHandler : Creating new EntityManager for shared EntityManager invocation
2025-01-02T18:52:01.590+01:00 DEBUG 11532 --- [saloum-service] [restartedMain] tor$SharedEntityManagerInvocationHandler : Creating new EntityManager for shared EntityManager invocation
2025-01-02T18:52:01.602+01:00 DEBUG 11532 --- [saloum-service] [restartedMain] tor$SharedEntityManagerInvocationHandler : Creating new EntityManager for shared EntityManager invocation
2025-01-02T18:52:01.609+01:00 DEBUG 11532 --- [saloum-service] [restartedMain] tor$SharedEntityManagerInvocationHandler : Creating new EntityManager for shared EntityManager invocation
2025-01-02T18:52:01.624+01:00 DEBUG 11532 --- [saloum-service] [restartedMain] tor$SharedEntityManagerInvocationHandler : Creating new EntityManager for shared EntityManager invocation
2025-01-02T18:52:01.625+01:00 DEBUG 11532 --- [saloum-service] [restartedMain] tor$SharedEntityManagerInvocationHandler : Creating new EntityManager for shared EntityManager invocation
2025-01-02T18:52:02.015+01:00  INFO 11532 --- [saloum-service] [restartedMain] o.s.b.d.a.OptionalLiveReloadServer       : LiveReload server is running on port 35729
2025-01-02T18:52:02.120+01:00  INFO 11532 --- [saloum-service] [restartedMain] o.s.b.w.embedded.tomcat.TomcatWebServer  : Tomcat started on port 8080 (http) with context path '/'
2025-01-02T18:52:02.140+01:00  INFO 11532 --- [saloum-service] [restartedMain] s.s.s.SaloumServiceApplication           : Started SaloumServiceApplication in 44.105 seconds (process running for 48.555)
2025-01-02T19:22:19.341+01:00  INFO 11532 --- [saloum-service] [http-nio-8080-exec-1] o.a.c.c.C.[Tomcat].[localhost].[/]       : Initializing Spring DispatcherServlet 'dispatcherServlet'
2025-01-02T19:22:19.344+01:00  INFO 11532 --- [saloum-service] [http-nio-8080-exec-1] o.s.web.servlet.DispatcherServlet        : Initializing Servlet 'dispatcherServlet'
2025-01-02T19:22:19.348+01:00  INFO 11532 --- [saloum-service] [http-nio-8080-exec-1] o.s.web.servlet.DispatcherServlet        : Completed initialization in 3 ms
2025-01-02T19:22:19.530+01:00 DEBUG 11532 --- [saloum-service] [http-nio-8080-exec-1] o.j.s.OpenEntityManagerInViewInterceptor : Opening JPA EntityManager in OpenEntityManagerInViewInterceptor
2025-01-02T19:22:19.633+01:00 DEBUG 11532 --- [saloum-service] [http-nio-8080-exec-1] o.s.orm.jpa.JpaTransactionManager        : Found thread-bound EntityManager [SessionImpl(412452761<open>)] for JPA transaction
2025-01-02T19:22:19.635+01:00 DEBUG 11532 --- [saloum-service] [http-nio-8080-exec-1] o.s.orm.jpa.JpaTransactionManager        : Creating new transaction with name [sen.saloum.saloum_service.service.LignePanierService.getLigneFromPanier]: PROPAGATION_REQUIRED,ISOLATION_DEFAULT
2025-01-02T19:22:19.699+01:00 DEBUG 11532 --- [saloum-service] [http-nio-8080-exec-1] o.s.orm.jpa.JpaTransactionManager        : Exposing JPA transaction as JDBC [org.springframework.orm.jpa.vendor.HibernateJpaDialect$HibernateConnectionHandle@19ff206]
2025-01-02T19:22:19.717+01:00 DEBUG 11532 --- [saloum-service] [http-nio-8080-exec-1] o.s.orm.jpa.JpaTransactionManager        : Found thread-bound EntityManager [SessionImpl(412452761<open>)] for JPA transaction
2025-01-02T19:22:19.717+01:00 DEBUG 11532 --- [saloum-service] [http-nio-8080-exec-1] o.s.orm.jpa.JpaTransactionManager        : Participating in existing transaction
2025-01-02T19:22:20.508+01:00 DEBUG 11532 --- [saloum-service] [http-nio-8080-exec-1] o.s.orm.jpa.JpaTransactionManager        : Initiating transaction commit
2025-01-02T19:22:20.515+01:00 DEBUG 11532 --- [saloum-service] [http-nio-8080-exec-1] o.s.orm.jpa.JpaTransactionManager        : Committing JPA transaction on EntityManager [SessionImpl(412452761<open>)]
2025-01-02T19:22:20.691+01:00 DEBUG 11532 --- [saloum-service] [http-nio-8080-exec-1] o.s.orm.jpa.JpaTransactionManager        : Not closing pre-bound JPA EntityManager after transaction
2025-01-02T19:22:21.055+01:00 DEBUG 11532 --- [saloum-service] [http-nio-8080-exec-1] o.j.s.OpenEntityManagerInViewInterceptor : Closing JPA EntityManager in OpenEntityManagerInViewInterceptor
2025-01-02T20:04:47.128+01:00  INFO 11532 --- [saloum-service] [SpringApplicationShutdownHook] o.s.b.w.e.tomcat.GracefulShutdown        : Commencing graceful shutdown. Waiting for active requests to complete
2025-01-02T20:04:48.008+01:00  INFO 11532 --- [saloum-service] [tomcat-shutdown] o.s.b.w.e.tomcat.GracefulShutdown        : Graceful shutdown complete
2025-01-02T20:04:48.267+01:00  INFO 11532 --- [saloum-service] [SpringApplicationShutdownHook] j.LocalContainerEntityManagerFactoryBean : Closing JPA EntityManagerFactory for persistence unit 'default'
2025-01-02T20:04:48.408+01:00  INFO 11532 --- [saloum-service] [SpringApplicationShutdownHook] com.zaxxer.hikari.HikariDataSource       : HikariPool-1 - Shutdown initiated...
2025-01-02T20:04:48.546+01:00  INFO 11532 --- [saloum-service] [SpringApplicationShutdownHook] com.zaxxer.hikari.HikariDataSource       : HikariPool-1 - Shutdown completed.
2025-01-02T20:05:44.024+01:00  INFO 7880 --- [saloum-service] [restartedMain] s.s.s.SaloumServiceApplication           : Starting SaloumServiceApplication using Java 17.0.12 with PID 7880 (C:\saloum-service\target\classes started by User-Hp in C:\saloum-service)
2025-01-02T20:05:44.029+01:00 DEBUG 7880 --- [saloum-service] [restartedMain] s.s.s.SaloumServiceApplication           : Running with Spring Boot v3.4.0, Spring v6.2.0
2025-01-02T20:05:44.031+01:00  INFO 7880 --- [saloum-service] [restartedMain] s.s.s.SaloumServiceApplication           : No active profile set, falling back to 1 default profile: "default"
2025-01-02T20:05:44.356+01:00  INFO 7880 --- [saloum-service] [restartedMain] .e.DevToolsPropertyDefaultsPostProcessor : Devtools property defaults active! Set 'spring.devtools.add-properties' to 'false' to disable
2025-01-02T20:05:44.358+01:00  INFO 7880 --- [saloum-service] [restartedMain] .e.DevToolsPropertyDefaultsPostProcessor : For additional web related logging consider setting the 'logging.level.web' property to 'DEBUG'
2025-01-02T20:05:49.386+01:00  INFO 7880 --- [saloum-service] [restartedMain] .s.d.r.c.RepositoryConfigurationDelegate : Bootstrapping Spring Data JPA repositories in DEFAULT mode.
2025-01-02T20:05:49.754+01:00  INFO 7880 --- [saloum-service] [restartedMain] .s.d.r.c.RepositoryConfigurationDelegate : Finished Spring Data repository scanning in 320 ms. Found 12 JPA repository interfaces.
2025-01-02T20:06:00.663+01:00  INFO 7880 --- [saloum-service] [restartedMain] o.s.b.w.embedded.tomcat.TomcatWebServer  : Tomcat initialized with port 8080 (http)
2025-01-02T20:06:00.898+01:00  INFO 7880 --- [saloum-service] [restartedMain] o.apache.catalina.core.StandardService   : Starting service [Tomcat]
2025-01-02T20:06:00.899+01:00  INFO 7880 --- [saloum-service] [restartedMain] o.apache.catalina.core.StandardEngine    : Starting Servlet engine: [Apache Tomcat/10.1.33]
2025-01-02T20:06:01.411+01:00  INFO 7880 --- [saloum-service] [restartedMain] o.a.c.c.C.[Tomcat].[localhost].[/]       : Initializing Spring embedded WebApplicationContext
2025-01-02T20:06:01.413+01:00  INFO 7880 --- [saloum-service] [restartedMain] w.s.c.ServletWebServerApplicationContext : Root WebApplicationContext: initialization completed in 17048 ms
2025-01-02T20:06:03.060+01:00 DEBUG 7880 --- [saloum-service] [restartedMain] j.LocalContainerEntityManagerFactoryBean : Building JPA container EntityManagerFactory for persistence unit 'default'
2025-01-02T20:06:03.593+01:00  INFO 7880 --- [saloum-service] [restartedMain] o.hibernate.jpa.internal.util.LogHelper  : HHH000204: Processing PersistenceUnitInfo [name: default]
2025-01-02T20:06:05.364+01:00  INFO 7880 --- [saloum-service] [restartedMain] org.hibernate.Version                    : HHH000412: Hibernate ORM core version 6.6.2.Final
2025-01-02T20:06:05.929+01:00  INFO 7880 --- [saloum-service] [restartedMain] o.h.c.internal.RegionFactoryInitiator    : HHH000026: Second-level cache disabled
2025-01-02T20:06:07.714+01:00  INFO 7880 --- [saloum-service] [restartedMain] o.s.o.j.p.SpringPersistenceUnitInfo      : No LoadTimeWeaver setup: ignoring JPA class transformer
2025-01-02T20:06:07.806+01:00  INFO 7880 --- [saloum-service] [restartedMain] com.zaxxer.hikari.HikariDataSource       : HikariPool-1 - Starting...
2025-01-02T20:06:09.587+01:00  INFO 7880 --- [saloum-service] [restartedMain] com.zaxxer.hikari.pool.HikariPool        : HikariPool-1 - Added connection com.mysql.cj.jdbc.ConnectionImpl@4e81f048
2025-01-02T20:06:09.594+01:00  INFO 7880 --- [saloum-service] [restartedMain] com.zaxxer.hikari.HikariDataSource       : HikariPool-1 - Start completed.
2025-01-02T20:06:10.667+01:00  WARN 7880 --- [saloum-service] [restartedMain] org.hibernate.orm.deprecation            : HHH90000025: MySQLDialect does not need to be specified explicitly using 'hibernate.dialect' (remove the property setting and it will be selected by default)
2025-01-02T20:06:10.800+01:00  INFO 7880 --- [saloum-service] [restartedMain] org.hibernate.orm.connections.pooling    : HHH10001005: Database info:
	Database JDBC URL [Connecting through datasource 'HikariDataSource (HikariPool-1)']
	Database driver: undefined/unknown
	Database version: 8.0.40
	Autocommit mode: undefined/unknown
	Isolation level: undefined/unknown
	Minimum pool size: undefined/unknown
	Maximum pool size: undefined/unknown
2025-01-02T20:06:15.141+01:00  INFO 7880 --- [saloum-service] [restartedMain] o.h.e.t.j.p.i.JtaPlatformInitiator       : HHH000489: No JTA platform available (set 'hibernate.transaction.jta.platform' to enable JTA platform integration)
2025-01-02T20:06:16.659+01:00  INFO 7880 --- [saloum-service] [restartedMain] j.LocalContainerEntityManagerFactoryBean : Initialized JPA EntityManagerFactory for persistence unit 'default'
2025-01-02T20:06:17.235+01:00 DEBUG 7880 --- [saloum-service] [restartedMain] tor$SharedEntityManagerInvocationHandler : Creating new EntityManager for shared EntityManager invocation
2025-01-02T20:06:17.412+01:00 DEBUG 7880 --- [saloum-service] [restartedMain] tor$SharedEntityManagerInvocationHandler : Creating new EntityManager for shared EntityManager invocation
2025-01-02T20:06:17.920+01:00 DEBUG 7880 --- [saloum-service] [restartedMain] tor$SharedEntityManagerInvocationHandler : Creating new EntityManager for shared EntityManager invocation
2025-01-02T20:06:18.061+01:00 DEBUG 7880 --- [saloum-service] [restartedMain] tor$SharedEntityManagerInvocationHandler : Creating new EntityManager for shared EntityManager invocation
2025-01-02T20:06:18.067+01:00 DEBUG 7880 --- [saloum-service] [restartedMain] tor$SharedEntityManagerInvocationHandler : Creating new EntityManager for shared EntityManager invocation
2025-01-02T20:06:18.234+01:00 DEBUG 7880 --- [saloum-service] [restartedMain] tor$SharedEntityManagerInvocationHandler : Creating new EntityManager for shared EntityManager invocation
2025-01-02T20:06:18.600+01:00 DEBUG 7880 --- [saloum-service] [restartedMain] tor$SharedEntityManagerInvocationHandler : Creating new EntityManager for shared EntityManager invocation
2025-01-02T20:06:18.613+01:00 DEBUG 7880 --- [saloum-service] [restartedMain] tor$SharedEntityManagerInvocationHandler : Creating new EntityManager for shared EntityManager invocation
2025-01-02T20:06:18.839+01:00 DEBUG 7880 --- [saloum-service] [restartedMain] tor$SharedEntityManagerInvocationHandler : Creating new EntityManager for shared EntityManager invocation
2025-01-02T20:06:18.887+01:00 DEBUG 7880 --- [saloum-service] [restartedMain] tor$SharedEntityManagerInvocationHandler : Creating new EntityManager for shared EntityManager invocation
2025-01-02T20:06:19.426+01:00 DEBUG 7880 --- [saloum-service] [restartedMain] tor$SharedEntityManagerInvocationHandler : Creating new EntityManager for shared EntityManager invocation
2025-01-02T20:06:19.438+01:00 DEBUG 7880 --- [saloum-service] [restartedMain] tor$SharedEntityManagerInvocationHandler : Creating new EntityManager for shared EntityManager invocation
2025-01-02T20:06:19.481+01:00 DEBUG 7880 --- [saloum-service] [restartedMain] tor$SharedEntityManagerInvocationHandler : Creating new EntityManager for shared EntityManager invocation
2025-01-02T20:06:19.488+01:00 DEBUG 7880 --- [saloum-service] [restartedMain] tor$SharedEntityManagerInvocationHandler : Creating new EntityManager for shared EntityManager invocation
2025-01-02T20:06:19.544+01:00 DEBUG 7880 --- [saloum-service] [restartedMain] tor$SharedEntityManagerInvocationHandler : Creating new EntityManager for shared EntityManager invocation
2025-01-02T20:06:19.725+01:00 DEBUG 7880 --- [saloum-service] [restartedMain] tor$SharedEntityManagerInvocationHandler : Creating new EntityManager for shared EntityManager invocation
2025-01-02T20:06:19.770+01:00 DEBUG 7880 --- [saloum-service] [restartedMain] tor$SharedEntityManagerInvocationHandler : Creating new EntityManager for shared EntityManager invocation
2025-01-02T20:06:19.772+01:00 DEBUG 7880 --- [saloum-service] [restartedMain] tor$SharedEntityManagerInvocationHandler : Creating new EntityManager for shared EntityManager invocation
2025-01-02T20:06:19.785+01:00 DEBUG 7880 --- [saloum-service] [restartedMain] tor$SharedEntityManagerInvocationHandler : Creating new EntityManager for shared EntityManager invocation
2025-01-02T20:06:19.787+01:00 DEBUG 7880 --- [saloum-service] [restartedMain] tor$SharedEntityManagerInvocationHandler : Creating new EntityManager for shared EntityManager invocation
2025-01-02T20:06:19.850+01:00 DEBUG 7880 --- [saloum-service] [restartedMain] tor$SharedEntityManagerInvocationHandler : Creating new EntityManager for shared EntityManager invocation
2025-01-02T20:06:19.852+01:00 DEBUG 7880 --- [saloum-service] [restartedMain] tor$SharedEntityManagerInvocationHandler : Creating new EntityManager for shared EntityManager invocation
2025-01-02T20:06:19.858+01:00 DEBUG 7880 --- [saloum-service] [restartedMain] tor$SharedEntityManagerInvocationHandler : Creating new EntityManager for shared EntityManager invocation
2025-01-02T20:06:19.871+01:00  WARN 7880 --- [saloum-service] [restartedMain] ConfigServletWebServerApplicationContext : Exception encountered during context initialization - cancelling refresh attempt: org.springframework.beans.factory.UnsatisfiedDependencyException: Error creating bean with name 'stockController' defined in file [C:\saloum-service\target\classes\sen\saloum\saloum_service\controller\StockController.class]: Unsatisfied dependency expressed through constructor parameter 0: Error creating bean with name 'stockService' defined in file [C:\saloum-service\target\classes\sen\saloum\saloum_service\service\StockService.class]: Unsatisfied dependency expressed through constructor parameter 0: Error creating bean with name 'stockRepository' defined in sen.saloum.saloum_service.repos.StockRepository defined in @EnableJpaRepositories declared on JpaRepositoriesRegistrar.EnableJpaRepositoriesConfiguration: Could not create query for public abstract java.util.List sen.saloum.saloum_service.repos.StockRepository.findByQuantiteDisponibleLessThanSeuilAlerte(); Reason: Failed to create query for method public abstract java.util.List sen.saloum.saloum_service.repos.StockRepository.findByQuantiteDisponibleLessThanSeuilAlerte(); No property 'lessThanSeuilAlerte' found for type 'Integer'; Traversed path: Stocke.quantiteDisponible
2025-01-02T20:06:19.873+01:00  INFO 7880 --- [saloum-service] [restartedMain] j.LocalContainerEntityManagerFactoryBean : Closing JPA EntityManagerFactory for persistence unit 'default'
2025-01-02T20:06:19.886+01:00  INFO 7880 --- [saloum-service] [restartedMain] com.zaxxer.hikari.HikariDataSource       : HikariPool-1 - Shutdown initiated...
2025-01-02T20:06:19.917+01:00  INFO 7880 --- [saloum-service] [restartedMain] com.zaxxer.hikari.HikariDataSource       : HikariPool-1 - Shutdown completed.
2025-01-02T20:06:19.926+01:00  INFO 7880 --- [saloum-service] [restartedMain] o.apache.catalina.core.StandardService   : Stopping service [Tomcat]
2025-01-02T20:06:20.017+01:00  INFO 7880 --- [saloum-service] [restartedMain] .s.b.a.l.ConditionEvaluationReportLogger : 

Error starting ApplicationContext. To display the condition evaluation report re-run your application with 'debug' enabled.
2025-01-02T20:06:20.128+01:00 ERROR 7880 --- [saloum-service] [restartedMain] o.s.boot.SpringApplication               : Application run failed

org.springframework.beans.factory.UnsatisfiedDependencyException: Error creating bean with name 'stockController' defined in file [C:\saloum-service\target\classes\sen\saloum\saloum_service\controller\StockController.class]: Unsatisfied dependency expressed through constructor parameter 0: Error creating bean with name 'stockService' defined in file [C:\saloum-service\target\classes\sen\saloum\saloum_service\service\StockService.class]: Unsatisfied dependency expressed through constructor parameter 0: Error creating bean with name 'stockRepository' defined in sen.saloum.saloum_service.repos.StockRepository defined in @EnableJpaRepositories declared on JpaRepositoriesRegistrar.EnableJpaRepositoriesConfiguration: Could not create query for public abstract java.util.List sen.saloum.saloum_service.repos.StockRepository.findByQuantiteDisponibleLessThanSeuilAlerte(); Reason: Failed to create query for method public abstract java.util.List sen.saloum.saloum_service.repos.StockRepository.findByQuantiteDisponibleLessThanSeuilAlerte(); No property 'lessThanSeuilAlerte' found for type 'Integer'; Traversed path: Stocke.quantiteDisponible
	at org.springframework.beans.factory.support.ConstructorResolver.createArgumentArray(ConstructorResolver.java:804) ~[spring-beans-6.2.0.jar:6.2.0]
	at org.springframework.beans.factory.support.ConstructorResolver.autowireConstructor(ConstructorResolver.java:240) ~[spring-beans-6.2.0.jar:6.2.0]
	at org.springframework.beans.factory.support.AbstractAutowireCapableBeanFactory.autowireConstructor(AbstractAutowireCapableBeanFactory.java:1371) ~[spring-beans-6.2.0.jar:6.2.0]
	at org.springframework.beans.factory.support.AbstractAutowireCapableBeanFactory.createBeanInstance(AbstractAutowireCapableBeanFactory.java:1208) ~[spring-beans-6.2.0.jar:6.2.0]
	at org.springframework.beans.factory.support.AbstractAutowireCapableBeanFactory.doCreateBean(AbstractAutowireCapableBeanFactory.java:563) ~[spring-beans-6.2.0.jar:6.2.0]
	at org.springframework.beans.factory.support.AbstractAutowireCapableBeanFactory.createBean(AbstractAutowireCapableBeanFactory.java:523) ~[spring-beans-6.2.0.jar:6.2.0]
	at org.springframework.beans.factory.support.AbstractBeanFactory.lambda$doGetBean$0(AbstractBeanFactory.java:336) ~[spring-beans-6.2.0.jar:6.2.0]
	at org.springframework.beans.factory.support.DefaultSingletonBeanRegistry.getSingleton(DefaultSingletonBeanRegistry.java:288) ~[spring-beans-6.2.0.jar:6.2.0]
	at org.springframework.beans.factory.support.AbstractBeanFactory.doGetBean(AbstractBeanFactory.java:334) ~[spring-beans-6.2.0.jar:6.2.0]
	at org.springframework.beans.factory.support.AbstractBeanFactory.getBean(AbstractBeanFactory.java:199) ~[spring-beans-6.2.0.jar:6.2.0]
	at org.springframework.beans.factory.support.DefaultListableBeanFactory.instantiateSingleton(DefaultListableBeanFactory.java:1122) ~[spring-beans-6.2.0.jar:6.2.0]
	at org.springframework.beans.factory.support.DefaultListableBeanFactory.preInstantiateSingleton(DefaultListableBeanFactory.java:1093) ~[spring-beans-6.2.0.jar:6.2.0]
	at org.springframework.beans.factory.support.DefaultListableBeanFactory.preInstantiateSingletons(DefaultListableBeanFactory.java:1030) ~[spring-beans-6.2.0.jar:6.2.0]
	at org.springframework.context.support.AbstractApplicationContext.finishBeanFactoryInitialization(AbstractApplicationContext.java:987) ~[spring-context-6.2.0.jar:6.2.0]
	at org.springframework.context.support.AbstractApplicationContext.refresh(AbstractApplicationContext.java:627) ~[spring-context-6.2.0.jar:6.2.0]
	at org.springframework.boot.web.servlet.context.ServletWebServerApplicationContext.refresh(ServletWebServerApplicationContext.java:146) ~[spring-boot-3.4.0.jar:3.4.0]
	at org.springframework.boot.SpringApplication.refresh(SpringApplication.java:752) ~[spring-boot-3.4.0.jar:3.4.0]
	at org.springframework.boot.SpringApplication.refreshContext(SpringApplication.java:439) ~[spring-boot-3.4.0.jar:3.4.0]
	at org.springframework.boot.SpringApplication.run(SpringApplication.java:318) ~[spring-boot-3.4.0.jar:3.4.0]
	at org.springframework.boot.SpringApplication.run(SpringApplication.java:1361) ~[spring-boot-3.4.0.jar:3.4.0]
	at org.springframework.boot.SpringApplication.run(SpringApplication.java:1350) ~[spring-boot-3.4.0.jar:3.4.0]
	at sen.saloum.saloum_service.SaloumServiceApplication.main(SaloumServiceApplication.java:12) ~[classes/:na]
	at java.base/jdk.internal.reflect.NativeMethodAccessorImpl.invoke0(Native Method) ~[na:na]
	at java.base/jdk.internal.reflect.NativeMethodAccessorImpl.invoke(NativeMethodAccessorImpl.java:77) ~[na:na]
	at java.base/jdk.internal.reflect.DelegatingMethodAccessorImpl.invoke(DelegatingMethodAccessorImpl.java:43) ~[na:na]
	at java.base/java.lang.reflect.Method.invoke(Method.java:568) ~[na:na]
	at org.springframework.boot.devtools.restart.RestartLauncher.run(RestartLauncher.java:50) ~[spring-boot-devtools-3.4.0.jar:3.4.0]
Caused by: org.springframework.beans.factory.UnsatisfiedDependencyException: Error creating bean with name 'stockService' defined in file [C:\saloum-service\target\classes\sen\saloum\saloum_service\service\StockService.class]: Unsatisfied dependency expressed through constructor parameter 0: Error creating bean with name 'stockRepository' defined in sen.saloum.saloum_service.repos.StockRepository defined in @EnableJpaRepositories declared on JpaRepositoriesRegistrar.EnableJpaRepositoriesConfiguration: Could not create query for public abstract java.util.List sen.saloum.saloum_service.repos.StockRepository.findByQuantiteDisponibleLessThanSeuilAlerte(); Reason: Failed to create query for method public abstract java.util.List sen.saloum.saloum_service.repos.StockRepository.findByQuantiteDisponibleLessThanSeuilAlerte(); No property 'lessThanSeuilAlerte' found for type 'Integer'; Traversed path: Stocke.quantiteDisponible
	at org.springframework.beans.factory.support.ConstructorResolver.createArgumentArray(ConstructorResolver.java:804) ~[spring-beans-6.2.0.jar:6.2.0]
	at org.springframework.beans.factory.support.ConstructorResolver.autowireConstructor(ConstructorResolver.java:240) ~[spring-beans-6.2.0.jar:6.2.0]
	at org.springframework.beans.factory.support.AbstractAutowireCapableBeanFactory.autowireConstructor(AbstractAutowireCapableBeanFactory.java:1371) ~[spring-beans-6.2.0.jar:6.2.0]
	at org.springframework.beans.factory.support.AbstractAutowireCapableBeanFactory.createBeanInstance(AbstractAutowireCapableBeanFactory.java:1208) ~[spring-beans-6.2.0.jar:6.2.0]
	at org.springframework.beans.factory.support.AbstractAutowireCapableBeanFactory.doCreateBean(AbstractAutowireCapableBeanFactory.java:563) ~[spring-beans-6.2.0.jar:6.2.0]
	at org.springframework.beans.factory.support.AbstractAutowireCapableBeanFactory.createBean(AbstractAutowireCapableBeanFactory.java:523) ~[spring-beans-6.2.0.jar:6.2.0]
	at org.springframework.beans.factory.support.AbstractBeanFactory.lambda$doGetBean$0(AbstractBeanFactory.java:336) ~[spring-beans-6.2.0.jar:6.2.0]
	at org.springframework.beans.factory.support.DefaultSingletonBeanRegistry.getSingleton(DefaultSingletonBeanRegistry.java:288) ~[spring-beans-6.2.0.jar:6.2.0]
	at org.springframework.beans.factory.support.AbstractBeanFactory.doGetBean(AbstractBeanFactory.java:334) ~[spring-beans-6.2.0.jar:6.2.0]
	at org.springframework.beans.factory.support.AbstractBeanFactory.getBean(AbstractBeanFactory.java:199) ~[spring-beans-6.2.0.jar:6.2.0]
	at org.springframework.beans.factory.support.DefaultListableBeanFactory.doResolveDependency(DefaultListableBeanFactory.java:1568) ~[spring-beans-6.2.0.jar:6.2.0]
	at org.springframework.beans.factory.support.DefaultListableBeanFactory.resolveDependency(DefaultListableBeanFactory.java:1514) ~[spring-beans-6.2.0.jar:6.2.0]
	at org.springframework.beans.factory.support.ConstructorResolver.resolveAutowiredArgument(ConstructorResolver.java:913) ~[spring-beans-6.2.0.jar:6.2.0]
	at org.springframework.beans.factory.support.ConstructorResolver.createArgumentArray(ConstructorResolver.java:791) ~[spring-beans-6.2.0.jar:6.2.0]
	... 26 common frames omitted
Caused by: org.springframework.beans.factory.BeanCreationException: Error creating bean with name 'stockRepository' defined in sen.saloum.saloum_service.repos.StockRepository defined in @EnableJpaRepositories declared on JpaRepositoriesRegistrar.EnableJpaRepositoriesConfiguration: Could not create query for public abstract java.util.List sen.saloum.saloum_service.repos.StockRepository.findByQuantiteDisponibleLessThanSeuilAlerte(); Reason: Failed to create query for method public abstract java.util.List sen.saloum.saloum_service.repos.StockRepository.findByQuantiteDisponibleLessThanSeuilAlerte(); No property 'lessThanSeuilAlerte' found for type 'Integer'; Traversed path: Stocke.quantiteDisponible
	at org.springframework.beans.factory.support.AbstractAutowireCapableBeanFactory.initializeBean(AbstractAutowireCapableBeanFactory.java:1802) ~[spring-beans-6.2.0.jar:6.2.0]
	at org.springframework.beans.factory.support.AbstractAutowireCapableBeanFactory.doCreateBean(AbstractAutowireCapableBeanFactory.java:601) ~[spring-beans-6.2.0.jar:6.2.0]
	at org.springframework.beans.factory.support.AbstractAutowireCapableBeanFactory.createBean(AbstractAutowireCapableBeanFactory.java:523) ~[spring-beans-6.2.0.jar:6.2.0]
	at org.springframework.beans.factory.support.AbstractBeanFactory.lambda$doGetBean$0(AbstractBeanFactory.java:336) ~[spring-beans-6.2.0.jar:6.2.0]
	at org.springframework.beans.factory.support.DefaultSingletonBeanRegistry.getSingleton(DefaultSingletonBeanRegistry.java:288) ~[spring-beans-6.2.0.jar:6.2.0]
	at org.springframework.beans.factory.support.AbstractBeanFactory.doGetBean(AbstractBeanFactory.java:334) ~[spring-beans-6.2.0.jar:6.2.0]
	at org.springframework.beans.factory.support.AbstractBeanFactory.getBean(AbstractBeanFactory.java:199) ~[spring-beans-6.2.0.jar:6.2.0]
	at org.springframework.beans.factory.support.DefaultListableBeanFactory.doResolveDependency(DefaultListableBeanFactory.java:1568) ~[spring-beans-6.2.0.jar:6.2.0]
	at org.springframework.beans.factory.support.DefaultListableBeanFactory.resolveDependency(DefaultListableBeanFactory.java:1514) ~[spring-beans-6.2.0.jar:6.2.0]
	at org.springframework.beans.factory.support.ConstructorResolver.resolveAutowiredArgument(ConstructorResolver.java:913) ~[spring-beans-6.2.0.jar:6.2.0]
	at org.springframework.beans.factory.support.ConstructorResolver.createArgumentArray(ConstructorResolver.java:791) ~[spring-beans-6.2.0.jar:6.2.0]
	... 39 common frames omitted
Caused by: org.springframework.data.repository.query.QueryCreationException: Could not create query for public abstract java.util.List sen.saloum.saloum_service.repos.StockRepository.findByQuantiteDisponibleLessThanSeuilAlerte(); Reason: Failed to create query for method public abstract java.util.List sen.saloum.saloum_service.repos.StockRepository.findByQuantiteDisponibleLessThanSeuilAlerte(); No property 'lessThanSeuilAlerte' found for type 'Integer'; Traversed path: Stocke.quantiteDisponible
	at org.springframework.data.repository.query.QueryCreationException.create(QueryCreationException.java:101) ~[spring-data-commons-3.4.0.jar:3.4.0]
	at org.springframework.data.repository.core.support.QueryExecutorMethodInterceptor.lookupQuery(QueryExecutorMethodInterceptor.java:120) ~[spring-data-commons-3.4.0.jar:3.4.0]
	at org.springframework.data.repository.core.support.QueryExecutorMethodInterceptor.mapMethodsToQuery(QueryExecutorMethodInterceptor.java:104) ~[spring-data-commons-3.4.0.jar:3.4.0]
	at org.springframework.data.repository.core.support.QueryExecutorMethodInterceptor.lambda$new$0(QueryExecutorMethodInterceptor.java:92) ~[spring-data-commons-3.4.0.jar:3.4.0]
	at java.base/java.util.Optional.map(Optional.java:260) ~[na:na]
	at org.springframework.data.repository.core.support.QueryExecutorMethodInterceptor.<init>(QueryExecutorMethodInterceptor.java:92) ~[spring-data-commons-3.4.0.jar:3.4.0]
	at org.springframework.data.repository.core.support.RepositoryFactorySupport.getRepository(RepositoryFactorySupport.java:440) ~[spring-data-commons-3.4.0.jar:3.4.0]
	at org.springframework.data.repository.core.support.RepositoryFactoryBeanSupport.lambda$afterPropertiesSet$4(RepositoryFactoryBeanSupport.java:350) ~[spring-data-commons-3.4.0.jar:3.4.0]
	at org.springframework.data.util.Lazy.getNullable(Lazy.java:135) ~[spring-data-commons-3.4.0.jar:3.4.0]
	at org.springframework.data.util.Lazy.get(Lazy.java:113) ~[spring-data-commons-3.4.0.jar:3.4.0]
	at org.springframework.data.repository.core.support.RepositoryFactoryBeanSupport.afterPropertiesSet(RepositoryFactoryBeanSupport.java:356) ~[spring-data-commons-3.4.0.jar:3.4.0]
	at org.springframework.data.jpa.repository.support.JpaRepositoryFactoryBean.afterPropertiesSet(JpaRepositoryFactoryBean.java:132) ~[spring-data-jpa-3.4.0.jar:3.4.0]
	at org.springframework.beans.factory.support.AbstractAutowireCapableBeanFactory.invokeInitMethods(AbstractAutowireCapableBeanFactory.java:1849) ~[spring-beans-6.2.0.jar:6.2.0]
	at org.springframework.beans.factory.support.AbstractAutowireCapableBeanFactory.initializeBean(AbstractAutowireCapableBeanFactory.java:1798) ~[spring-beans-6.2.0.jar:6.2.0]
	... 49 common frames omitted
Caused by: java.lang.IllegalArgumentException: Failed to create query for method public abstract java.util.List sen.saloum.saloum_service.repos.StockRepository.findByQuantiteDisponibleLessThanSeuilAlerte(); No property 'lessThanSeuilAlerte' found for type 'Integer'; Traversed path: Stocke.quantiteDisponible
	at org.springframework.data.jpa.repository.query.PartTreeJpaQuery.<init>(PartTreeJpaQuery.java:107) ~[spring-data-jpa-3.4.0.jar:3.4.0]
	at org.springframework.data.jpa.repository.query.JpaQueryLookupStrategy$CreateQueryLookupStrategy.resolveQuery(JpaQueryLookupStrategy.java:128) ~[spring-data-jpa-3.4.0.jar:3.4.0]
	at org.springframework.data.jpa.repository.query.JpaQueryLookupStrategy$CreateIfNotFoundQueryLookupStrategy.resolveQuery(JpaQueryLookupStrategy.java:262) ~[spring-data-jpa-3.4.0.jar:3.4.0]
	at org.springframework.data.jpa.repository.query.JpaQueryLookupStrategy$AbstractQueryLookupStrategy.resolveQuery(JpaQueryLookupStrategy.java:99) ~[spring-data-jpa-3.4.0.jar:3.4.0]
	at org.springframework.data.repository.core.support.QueryExecutorMethodInterceptor.lookupQuery(QueryExecutorMethodInterceptor.java:116) ~[spring-data-commons-3.4.0.jar:3.4.0]
	... 61 common frames omitted
Caused by: org.springframework.data.mapping.PropertyReferenceException: No property 'lessThanSeuilAlerte' found for type 'Integer'; Traversed path: Stocke.quantiteDisponible
	at org.springframework.data.mapping.PropertyPath.<init>(PropertyPath.java:94) ~[spring-data-commons-3.4.0.jar:3.4.0]
	at org.springframework.data.mapping.PropertyPath.create(PropertyPath.java:455) ~[spring-data-commons-3.4.0.jar:3.4.0]
	at org.springframework.data.mapping.PropertyPath.create(PropertyPath.java:431) ~[spring-data-commons-3.4.0.jar:3.4.0]
	at org.springframework.data.mapping.PropertyPath.create(PropertyPath.java:465) ~[spring-data-commons-3.4.0.jar:3.4.0]
	at org.springframework.data.mapping.PropertyPath.create(PropertyPath.java:488) ~[spring-data-commons-3.4.0.jar:3.4.0]
	at org.springframework.data.mapping.PropertyPath.create(PropertyPath.java:488) ~[spring-data-commons-3.4.0.jar:3.4.0]
	at org.springframework.data.mapping.PropertyPath.create(PropertyPath.java:488) ~[spring-data-commons-3.4.0.jar:3.4.0]
	at org.springframework.data.mapping.PropertyPath.create(PropertyPath.java:488) ~[spring-data-commons-3.4.0.jar:3.4.0]
	at org.springframework.data.mapping.PropertyPath.create(PropertyPath.java:431) ~[spring-data-commons-3.4.0.jar:3.4.0]
	at org.springframework.data.mapping.PropertyPath.lambda$from$0(PropertyPath.java:384) ~[spring-data-commons-3.4.0.jar:3.4.0]
	at java.base/java.util.concurrent.ConcurrentMap.computeIfAbsent(ConcurrentMap.java:330) ~[na:na]
	at org.springframework.data.mapping.PropertyPath.from(PropertyPath.java:366) ~[spring-data-commons-3.4.0.jar:3.4.0]
	at org.springframework.data.mapping.PropertyPath.from(PropertyPath.java:344) ~[spring-data-commons-3.4.0.jar:3.4.0]
	at org.springframework.data.repository.query.parser.Part.<init>(Part.java:81) ~[spring-data-commons-3.4.0.jar:3.4.0]
	at org.springframework.data.repository.query.parser.PartTree$OrPart.lambda$new$0(PartTree.java:259) ~[spring-data-commons-3.4.0.jar:3.4.0]
	at java.base/java.util.stream.ReferencePipeline$3$1.accept(ReferencePipeline.java:197) ~[na:na]
	at java.base/java.util.stream.ReferencePipeline$2$1.accept(ReferencePipeline.java:179) ~[na:na]
	at java.base/java.util.Spliterators$ArraySpliterator.forEachRemaining(Spliterators.java:992) ~[na:na]
	at java.base/java.util.stream.AbstractPipeline.copyInto(AbstractPipeline.java:509) ~[na:na]
	at java.base/java.util.stream.AbstractPipeline.wrapAndCopyInto(AbstractPipeline.java:499) ~[na:na]
	at java.base/java.util.stream.ReduceOps$ReduceOp.evaluateSequential(ReduceOps.java:921) ~[na:na]
	at java.base/java.util.stream.AbstractPipeline.evaluate(AbstractPipeline.java:234) ~[na:na]
	at java.base/java.util.stream.ReferencePipeline.collect(ReferencePipeline.java:682) ~[na:na]
	at org.springframework.data.repository.query.parser.PartTree$OrPart.<init>(PartTree.java:260) ~[spring-data-commons-3.4.0.jar:3.4.0]
	at org.springframework.data.repository.query.parser.PartTree$Predicate.lambda$new$0(PartTree.java:389) ~[spring-data-commons-3.4.0.jar:3.4.0]
	at java.base/java.util.stream.ReferencePipeline$3$1.accept(ReferencePipeline.java:197) ~[na:na]
	at java.base/java.util.stream.ReferencePipeline$2$1.accept(ReferencePipeline.java:179) ~[na:na]
	at java.base/java.util.Spliterators$ArraySpliterator.forEachRemaining(Spliterators.java:992) ~[na:na]
	at java.base/java.util.stream.AbstractPipeline.copyInto(AbstractPipeline.java:509) ~[na:na]
	at java.base/java.util.stream.AbstractPipeline.wrapAndCopyInto(AbstractPipeline.java:499) ~[na:na]
	at java.base/java.util.stream.ReduceOps$ReduceOp.evaluateSequential(ReduceOps.java:921) ~[na:na]
	at java.base/java.util.stream.AbstractPipeline.evaluate(AbstractPipeline.java:234) ~[na:na]
	at java.base/java.util.stream.ReferencePipeline.collect(ReferencePipeline.java:682) ~[na:na]
	at org.springframework.data.repository.query.parser.PartTree$Predicate.<init>(PartTree.java:390) ~[spring-data-commons-3.4.0.jar:3.4.0]
	at org.springframework.data.repository.query.parser.PartTree.<init>(PartTree.java:103) ~[spring-data-commons-3.4.0.jar:3.4.0]
	at org.springframework.data.jpa.repository.query.PartTreeJpaQuery.<init>(PartTreeJpaQuery.java:101) ~[spring-data-jpa-3.4.0.jar:3.4.0]
	... 65 common frames omitted

2025-01-02T20:06:55.176+01:00  INFO 13620 --- [saloum-service] [restartedMain] s.s.s.SaloumServiceApplication           : Starting SaloumServiceApplication using Java 17.0.12 with PID 13620 (C:\saloum-service\target\classes started by User-Hp in C:\saloum-service)
2025-01-02T20:06:55.182+01:00 DEBUG 13620 --- [saloum-service] [restartedMain] s.s.s.SaloumServiceApplication           : Running with Spring Boot v3.4.0, Spring v6.2.0
2025-01-02T20:06:55.185+01:00  INFO 13620 --- [saloum-service] [restartedMain] s.s.s.SaloumServiceApplication           : No active profile set, falling back to 1 default profile: "default"
2025-01-02T20:06:55.338+01:00  INFO 13620 --- [saloum-service] [restartedMain] .e.DevToolsPropertyDefaultsPostProcessor : Devtools property defaults active! Set 'spring.devtools.add-properties' to 'false' to disable
2025-01-02T20:06:55.340+01:00  INFO 13620 --- [saloum-service] [restartedMain] .e.DevToolsPropertyDefaultsPostProcessor : For additional web related logging consider setting the 'logging.level.web' property to 'DEBUG'
2025-01-02T20:06:58.670+01:00  INFO 13620 --- [saloum-service] [restartedMain] .s.d.r.c.RepositoryConfigurationDelegate : Bootstrapping Spring Data JPA repositories in DEFAULT mode.
2025-01-02T20:06:59.127+01:00  INFO 13620 --- [saloum-service] [restartedMain] .s.d.r.c.RepositoryConfigurationDelegate : Finished Spring Data repository scanning in 401 ms. Found 12 JPA repository interfaces.
2025-01-02T20:07:01.370+01:00  INFO 13620 --- [saloum-service] [restartedMain] o.s.b.w.embedded.tomcat.TomcatWebServer  : Tomcat initialized with port 8080 (http)
2025-01-02T20:07:01.402+01:00  INFO 13620 --- [saloum-service] [restartedMain] o.apache.catalina.core.StandardService   : Starting service [Tomcat]
2025-01-02T20:07:01.403+01:00  INFO 13620 --- [saloum-service] [restartedMain] o.apache.catalina.core.StandardEngine    : Starting Servlet engine: [Apache Tomcat/10.1.33]
2025-01-02T20:07:01.531+01:00  INFO 13620 --- [saloum-service] [restartedMain] o.a.c.c.C.[Tomcat].[localhost].[/]       : Initializing Spring embedded WebApplicationContext
2025-01-02T20:07:01.533+01:00  INFO 13620 --- [saloum-service] [restartedMain] w.s.c.ServletWebServerApplicationContext : Root WebApplicationContext: initialization completed in 6191 ms
2025-01-02T20:07:01.979+01:00 DEBUG 13620 --- [saloum-service] [restartedMain] j.LocalContainerEntityManagerFactoryBean : Building JPA container EntityManagerFactory for persistence unit 'default'
2025-01-02T20:07:02.016+01:00  INFO 13620 --- [saloum-service] [restartedMain] o.hibernate.jpa.internal.util.LogHelper  : HHH000204: Processing PersistenceUnitInfo [name: default]
2025-01-02T20:07:02.140+01:00  INFO 13620 --- [saloum-service] [restartedMain] org.hibernate.Version                    : HHH000412: Hibernate ORM core version 6.6.2.Final
2025-01-02T20:07:02.251+01:00  INFO 13620 --- [saloum-service] [restartedMain] o.h.c.internal.RegionFactoryInitiator    : HHH000026: Second-level cache disabled
2025-01-02T20:07:03.163+01:00  INFO 13620 --- [saloum-service] [restartedMain] o.s.o.j.p.SpringPersistenceUnitInfo      : No LoadTimeWeaver setup: ignoring JPA class transformer
2025-01-02T20:07:03.259+01:00  INFO 13620 --- [saloum-service] [restartedMain] com.zaxxer.hikari.HikariDataSource       : HikariPool-1 - Starting...
2025-01-02T20:07:04.069+01:00  INFO 13620 --- [saloum-service] [restartedMain] com.zaxxer.hikari.pool.HikariPool        : HikariPool-1 - Added connection com.mysql.cj.jdbc.ConnectionImpl@661cbf24
2025-01-02T20:07:04.076+01:00  INFO 13620 --- [saloum-service] [restartedMain] com.zaxxer.hikari.HikariDataSource       : HikariPool-1 - Start completed.
2025-01-02T20:07:04.359+01:00  WARN 13620 --- [saloum-service] [restartedMain] org.hibernate.orm.deprecation            : HHH90000025: MySQLDialect does not need to be specified explicitly using 'hibernate.dialect' (remove the property setting and it will be selected by default)
2025-01-02T20:07:04.424+01:00  INFO 13620 --- [saloum-service] [restartedMain] org.hibernate.orm.connections.pooling    : HHH10001005: Database info:
	Database JDBC URL [Connecting through datasource 'HikariDataSource (HikariPool-1)']
	Database driver: undefined/unknown
	Database version: 8.0.40
	Autocommit mode: undefined/unknown
	Isolation level: undefined/unknown
	Minimum pool size: undefined/unknown
	Maximum pool size: undefined/unknown
2025-01-02T20:07:08.655+01:00  INFO 13620 --- [saloum-service] [restartedMain] o.h.e.t.j.p.i.JtaPlatformInitiator       : HHH000489: No JTA platform available (set 'hibernate.transaction.jta.platform' to enable JTA platform integration)
2025-01-02T20:07:09.565+01:00  INFO 13620 --- [saloum-service] [restartedMain] j.LocalContainerEntityManagerFactoryBean : Initialized JPA EntityManagerFactory for persistence unit 'default'
2025-01-02T20:07:09.998+01:00 DEBUG 13620 --- [saloum-service] [restartedMain] tor$SharedEntityManagerInvocationHandler : Creating new EntityManager for shared EntityManager invocation
2025-01-02T20:07:10.107+01:00 DEBUG 13620 --- [saloum-service] [restartedMain] tor$SharedEntityManagerInvocationHandler : Creating new EntityManager for shared EntityManager invocation
2025-01-02T20:07:10.723+01:00 DEBUG 13620 --- [saloum-service] [restartedMain] tor$SharedEntityManagerInvocationHandler : Creating new EntityManager for shared EntityManager invocation
2025-01-02T20:07:10.937+01:00 DEBUG 13620 --- [saloum-service] [restartedMain] tor$SharedEntityManagerInvocationHandler : Creating new EntityManager for shared EntityManager invocation
2025-01-02T20:07:10.939+01:00 DEBUG 13620 --- [saloum-service] [restartedMain] tor$SharedEntityManagerInvocationHandler : Creating new EntityManager for shared EntityManager invocation
2025-01-02T20:07:11.065+01:00 DEBUG 13620 --- [saloum-service] [restartedMain] tor$SharedEntityManagerInvocationHandler : Creating new EntityManager for shared EntityManager invocation
2025-01-02T20:07:11.238+01:00 DEBUG 13620 --- [saloum-service] [restartedMain] tor$SharedEntityManagerInvocationHandler : Creating new EntityManager for shared EntityManager invocation
2025-01-02T20:07:11.241+01:00 DEBUG 13620 --- [saloum-service] [restartedMain] tor$SharedEntityManagerInvocationHandler : Creating new EntityManager for shared EntityManager invocation
2025-01-02T20:07:11.358+01:00 DEBUG 13620 --- [saloum-service] [restartedMain] tor$SharedEntityManagerInvocationHandler : Creating new EntityManager for shared EntityManager invocation
2025-01-02T20:07:11.425+01:00 DEBUG 13620 --- [saloum-service] [restartedMain] tor$SharedEntityManagerInvocationHandler : Creating new EntityManager for shared EntityManager invocation
2025-01-02T20:07:12.061+01:00 DEBUG 13620 --- [saloum-service] [restartedMain] tor$SharedEntityManagerInvocationHandler : Creating new EntityManager for shared EntityManager invocation
2025-01-02T20:07:12.089+01:00 DEBUG 13620 --- [saloum-service] [restartedMain] tor$SharedEntityManagerInvocationHandler : Creating new EntityManager for shared EntityManager invocation
2025-01-02T20:07:12.126+01:00 DEBUG 13620 --- [saloum-service] [restartedMain] tor$SharedEntityManagerInvocationHandler : Creating new EntityManager for shared EntityManager invocation
2025-01-02T20:07:12.132+01:00 DEBUG 13620 --- [saloum-service] [restartedMain] tor$SharedEntityManagerInvocationHandler : Creating new EntityManager for shared EntityManager invocation
2025-01-02T20:07:12.213+01:00 DEBUG 13620 --- [saloum-service] [restartedMain] tor$SharedEntityManagerInvocationHandler : Creating new EntityManager for shared EntityManager invocation
2025-01-02T20:07:12.247+01:00 DEBUG 13620 --- [saloum-service] [restartedMain] tor$SharedEntityManagerInvocationHandler : Creating new EntityManager for shared EntityManager invocation
2025-01-02T20:07:12.511+01:00 DEBUG 13620 --- [saloum-service] [restartedMain] tor$SharedEntityManagerInvocationHandler : Creating new EntityManager for shared EntityManager invocation
2025-01-02T20:07:12.513+01:00 DEBUG 13620 --- [saloum-service] [restartedMain] tor$SharedEntityManagerInvocationHandler : Creating new EntityManager for shared EntityManager invocation
2025-01-02T20:07:12.530+01:00 DEBUG 13620 --- [saloum-service] [restartedMain] tor$SharedEntityManagerInvocationHandler : Creating new EntityManager for shared EntityManager invocation
2025-01-02T20:07:12.532+01:00 DEBUG 13620 --- [saloum-service] [restartedMain] tor$SharedEntityManagerInvocationHandler : Creating new EntityManager for shared EntityManager invocation
2025-01-02T20:07:12.609+01:00 DEBUG 13620 --- [saloum-service] [restartedMain] tor$SharedEntityManagerInvocationHandler : Creating new EntityManager for shared EntityManager invocation
2025-01-02T20:07:12.611+01:00 DEBUG 13620 --- [saloum-service] [restartedMain] tor$SharedEntityManagerInvocationHandler : Creating new EntityManager for shared EntityManager invocation
2025-01-02T20:07:12.617+01:00 DEBUG 13620 --- [saloum-service] [restartedMain] tor$SharedEntityManagerInvocationHandler : Creating new EntityManager for shared EntityManager invocation
2025-01-02T20:07:12.647+01:00  WARN 13620 --- [saloum-service] [restartedMain] ConfigServletWebServerApplicationContext : Exception encountered during context initialization - cancelling refresh attempt: org.springframework.beans.factory.UnsatisfiedDependencyException: Error creating bean with name 'stockController' defined in file [C:\saloum-service\target\classes\sen\saloum\saloum_service\controller\StockController.class]: Unsatisfied dependency expressed through constructor parameter 0: Error creating bean with name 'stockService' defined in file [C:\saloum-service\target\classes\sen\saloum\saloum_service\service\StockService.class]: Unsatisfied dependency expressed through constructor parameter 0: Error creating bean with name 'stockRepository' defined in sen.saloum.saloum_service.repos.StockRepository defined in @EnableJpaRepositories declared on JpaRepositoriesRegistrar.EnableJpaRepositoriesConfiguration: Could not create query for public abstract java.util.List sen.saloum.saloum_service.repos.StockRepository.findByQuantiteDisponibleLessThanSeuilAlerte(); Reason: Failed to create query for method public abstract java.util.List sen.saloum.saloum_service.repos.StockRepository.findByQuantiteDisponibleLessThanSeuilAlerte(); No property 'lessThanSeuilAlerte' found for type 'Integer'; Traversed path: Stocke.quantiteDisponible
2025-01-02T20:07:12.649+01:00  INFO 13620 --- [saloum-service] [restartedMain] j.LocalContainerEntityManagerFactoryBean : Closing JPA EntityManagerFactory for persistence unit 'default'
2025-01-02T20:07:12.659+01:00  INFO 13620 --- [saloum-service] [restartedMain] com.zaxxer.hikari.HikariDataSource       : HikariPool-1 - Shutdown initiated...
2025-01-02T20:07:12.725+01:00  INFO 13620 --- [saloum-service] [restartedMain] com.zaxxer.hikari.HikariDataSource       : HikariPool-1 - Shutdown completed.
2025-01-02T20:07:12.731+01:00  INFO 13620 --- [saloum-service] [restartedMain] o.apache.catalina.core.StandardService   : Stopping service [Tomcat]
2025-01-02T20:07:12.771+01:00  INFO 13620 --- [saloum-service] [restartedMain] .s.b.a.l.ConditionEvaluationReportLogger : 

Error starting ApplicationContext. To display the condition evaluation report re-run your application with 'debug' enabled.
2025-01-02T20:07:12.844+01:00 ERROR 13620 --- [saloum-service] [restartedMain] o.s.boot.SpringApplication               : Application run failed

org.springframework.beans.factory.UnsatisfiedDependencyException: Error creating bean with name 'stockController' defined in file [C:\saloum-service\target\classes\sen\saloum\saloum_service\controller\StockController.class]: Unsatisfied dependency expressed through constructor parameter 0: Error creating bean with name 'stockService' defined in file [C:\saloum-service\target\classes\sen\saloum\saloum_service\service\StockService.class]: Unsatisfied dependency expressed through constructor parameter 0: Error creating bean with name 'stockRepository' defined in sen.saloum.saloum_service.repos.StockRepository defined in @EnableJpaRepositories declared on JpaRepositoriesRegistrar.EnableJpaRepositoriesConfiguration: Could not create query for public abstract java.util.List sen.saloum.saloum_service.repos.StockRepository.findByQuantiteDisponibleLessThanSeuilAlerte(); Reason: Failed to create query for method public abstract java.util.List sen.saloum.saloum_service.repos.StockRepository.findByQuantiteDisponibleLessThanSeuilAlerte(); No property 'lessThanSeuilAlerte' found for type 'Integer'; Traversed path: Stocke.quantiteDisponible
	at org.springframework.beans.factory.support.ConstructorResolver.createArgumentArray(ConstructorResolver.java:804) ~[spring-beans-6.2.0.jar:6.2.0]
	at org.springframework.beans.factory.support.ConstructorResolver.autowireConstructor(ConstructorResolver.java:240) ~[spring-beans-6.2.0.jar:6.2.0]
	at org.springframework.beans.factory.support.AbstractAutowireCapableBeanFactory.autowireConstructor(AbstractAutowireCapableBeanFactory.java:1371) ~[spring-beans-6.2.0.jar:6.2.0]
	at org.springframework.beans.factory.support.AbstractAutowireCapableBeanFactory.createBeanInstance(AbstractAutowireCapableBeanFactory.java:1208) ~[spring-beans-6.2.0.jar:6.2.0]
	at org.springframework.beans.factory.support.AbstractAutowireCapableBeanFactory.doCreateBean(AbstractAutowireCapableBeanFactory.java:563) ~[spring-beans-6.2.0.jar:6.2.0]
	at org.springframework.beans.factory.support.AbstractAutowireCapableBeanFactory.createBean(AbstractAutowireCapableBeanFactory.java:523) ~[spring-beans-6.2.0.jar:6.2.0]
	at org.springframework.beans.factory.support.AbstractBeanFactory.lambda$doGetBean$0(AbstractBeanFactory.java:336) ~[spring-beans-6.2.0.jar:6.2.0]
	at org.springframework.beans.factory.support.DefaultSingletonBeanRegistry.getSingleton(DefaultSingletonBeanRegistry.java:288) ~[spring-beans-6.2.0.jar:6.2.0]
	at org.springframework.beans.factory.support.AbstractBeanFactory.doGetBean(AbstractBeanFactory.java:334) ~[spring-beans-6.2.0.jar:6.2.0]
	at org.springframework.beans.factory.support.AbstractBeanFactory.getBean(AbstractBeanFactory.java:199) ~[spring-beans-6.2.0.jar:6.2.0]
	at org.springframework.beans.factory.support.DefaultListableBeanFactory.instantiateSingleton(DefaultListableBeanFactory.java:1122) ~[spring-beans-6.2.0.jar:6.2.0]
	at org.springframework.beans.factory.support.DefaultListableBeanFactory.preInstantiateSingleton(DefaultListableBeanFactory.java:1093) ~[spring-beans-6.2.0.jar:6.2.0]
	at org.springframework.beans.factory.support.DefaultListableBeanFactory.preInstantiateSingletons(DefaultListableBeanFactory.java:1030) ~[spring-beans-6.2.0.jar:6.2.0]
	at org.springframework.context.support.AbstractApplicationContext.finishBeanFactoryInitialization(AbstractApplicationContext.java:987) ~[spring-context-6.2.0.jar:6.2.0]
	at org.springframework.context.support.AbstractApplicationContext.refresh(AbstractApplicationContext.java:627) ~[spring-context-6.2.0.jar:6.2.0]
	at org.springframework.boot.web.servlet.context.ServletWebServerApplicationContext.refresh(ServletWebServerApplicationContext.java:146) ~[spring-boot-3.4.0.jar:3.4.0]
	at org.springframework.boot.SpringApplication.refresh(SpringApplication.java:752) ~[spring-boot-3.4.0.jar:3.4.0]
	at org.springframework.boot.SpringApplication.refreshContext(SpringApplication.java:439) ~[spring-boot-3.4.0.jar:3.4.0]
	at org.springframework.boot.SpringApplication.run(SpringApplication.java:318) ~[spring-boot-3.4.0.jar:3.4.0]
	at org.springframework.boot.SpringApplication.run(SpringApplication.java:1361) ~[spring-boot-3.4.0.jar:3.4.0]
	at org.springframework.boot.SpringApplication.run(SpringApplication.java:1350) ~[spring-boot-3.4.0.jar:3.4.0]
	at sen.saloum.saloum_service.SaloumServiceApplication.main(SaloumServiceApplication.java:12) ~[classes/:na]
	at java.base/jdk.internal.reflect.NativeMethodAccessorImpl.invoke0(Native Method) ~[na:na]
	at java.base/jdk.internal.reflect.NativeMethodAccessorImpl.invoke(NativeMethodAccessorImpl.java:77) ~[na:na]
	at java.base/jdk.internal.reflect.DelegatingMethodAccessorImpl.invoke(DelegatingMethodAccessorImpl.java:43) ~[na:na]
	at java.base/java.lang.reflect.Method.invoke(Method.java:568) ~[na:na]
	at org.springframework.boot.devtools.restart.RestartLauncher.run(RestartLauncher.java:50) ~[spring-boot-devtools-3.4.0.jar:3.4.0]
Caused by: org.springframework.beans.factory.UnsatisfiedDependencyException: Error creating bean with name 'stockService' defined in file [C:\saloum-service\target\classes\sen\saloum\saloum_service\service\StockService.class]: Unsatisfied dependency expressed through constructor parameter 0: Error creating bean with name 'stockRepository' defined in sen.saloum.saloum_service.repos.StockRepository defined in @EnableJpaRepositories declared on JpaRepositoriesRegistrar.EnableJpaRepositoriesConfiguration: Could not create query for public abstract java.util.List sen.saloum.saloum_service.repos.StockRepository.findByQuantiteDisponibleLessThanSeuilAlerte(); Reason: Failed to create query for method public abstract java.util.List sen.saloum.saloum_service.repos.StockRepository.findByQuantiteDisponibleLessThanSeuilAlerte(); No property 'lessThanSeuilAlerte' found for type 'Integer'; Traversed path: Stocke.quantiteDisponible
	at org.springframework.beans.factory.support.ConstructorResolver.createArgumentArray(ConstructorResolver.java:804) ~[spring-beans-6.2.0.jar:6.2.0]
	at org.springframework.beans.factory.support.ConstructorResolver.autowireConstructor(ConstructorResolver.java:240) ~[spring-beans-6.2.0.jar:6.2.0]
	at org.springframework.beans.factory.support.AbstractAutowireCapableBeanFactory.autowireConstructor(AbstractAutowireCapableBeanFactory.java:1371) ~[spring-beans-6.2.0.jar:6.2.0]
	at org.springframework.beans.factory.support.AbstractAutowireCapableBeanFactory.createBeanInstance(AbstractAutowireCapableBeanFactory.java:1208) ~[spring-beans-6.2.0.jar:6.2.0]
	at org.springframework.beans.factory.support.AbstractAutowireCapableBeanFactory.doCreateBean(AbstractAutowireCapableBeanFactory.java:563) ~[spring-beans-6.2.0.jar:6.2.0]
	at org.springframework.beans.factory.support.AbstractAutowireCapableBeanFactory.createBean(AbstractAutowireCapableBeanFactory.java:523) ~[spring-beans-6.2.0.jar:6.2.0]
	at org.springframework.beans.factory.support.AbstractBeanFactory.lambda$doGetBean$0(AbstractBeanFactory.java:336) ~[spring-beans-6.2.0.jar:6.2.0]
	at org.springframework.beans.factory.support.DefaultSingletonBeanRegistry.getSingleton(DefaultSingletonBeanRegistry.java:288) ~[spring-beans-6.2.0.jar:6.2.0]
	at org.springframework.beans.factory.support.AbstractBeanFactory.doGetBean(AbstractBeanFactory.java:334) ~[spring-beans-6.2.0.jar:6.2.0]
	at org.springframework.beans.factory.support.AbstractBeanFactory.getBean(AbstractBeanFactory.java:199) ~[spring-beans-6.2.0.jar:6.2.0]
	at org.springframework.beans.factory.support.DefaultListableBeanFactory.doResolveDependency(DefaultListableBeanFactory.java:1568) ~[spring-beans-6.2.0.jar:6.2.0]
	at org.springframework.beans.factory.support.DefaultListableBeanFactory.resolveDependency(DefaultListableBeanFactory.java:1514) ~[spring-beans-6.2.0.jar:6.2.0]
	at org.springframework.beans.factory.support.ConstructorResolver.resolveAutowiredArgument(ConstructorResolver.java:913) ~[spring-beans-6.2.0.jar:6.2.0]
	at org.springframework.beans.factory.support.ConstructorResolver.createArgumentArray(ConstructorResolver.java:791) ~[spring-beans-6.2.0.jar:6.2.0]
	... 26 common frames omitted
Caused by: org.springframework.beans.factory.BeanCreationException: Error creating bean with name 'stockRepository' defined in sen.saloum.saloum_service.repos.StockRepository defined in @EnableJpaRepositories declared on JpaRepositoriesRegistrar.EnableJpaRepositoriesConfiguration: Could not create query for public abstract java.util.List sen.saloum.saloum_service.repos.StockRepository.findByQuantiteDisponibleLessThanSeuilAlerte(); Reason: Failed to create query for method public abstract java.util.List sen.saloum.saloum_service.repos.StockRepository.findByQuantiteDisponibleLessThanSeuilAlerte(); No property 'lessThanSeuilAlerte' found for type 'Integer'; Traversed path: Stocke.quantiteDisponible
	at org.springframework.beans.factory.support.AbstractAutowireCapableBeanFactory.initializeBean(AbstractAutowireCapableBeanFactory.java:1802) ~[spring-beans-6.2.0.jar:6.2.0]
	at org.springframework.beans.factory.support.AbstractAutowireCapableBeanFactory.doCreateBean(AbstractAutowireCapableBeanFactory.java:601) ~[spring-beans-6.2.0.jar:6.2.0]
	at org.springframework.beans.factory.support.AbstractAutowireCapableBeanFactory.createBean(AbstractAutowireCapableBeanFactory.java:523) ~[spring-beans-6.2.0.jar:6.2.0]
	at org.springframework.beans.factory.support.AbstractBeanFactory.lambda$doGetBean$0(AbstractBeanFactory.java:336) ~[spring-beans-6.2.0.jar:6.2.0]
	at org.springframework.beans.factory.support.DefaultSingletonBeanRegistry.getSingleton(DefaultSingletonBeanRegistry.java:288) ~[spring-beans-6.2.0.jar:6.2.0]
	at org.springframework.beans.factory.support.AbstractBeanFactory.doGetBean(AbstractBeanFactory.java:334) ~[spring-beans-6.2.0.jar:6.2.0]
	at org.springframework.beans.factory.support.AbstractBeanFactory.getBean(AbstractBeanFactory.java:199) ~[spring-beans-6.2.0.jar:6.2.0]
	at org.springframework.beans.factory.support.DefaultListableBeanFactory.doResolveDependency(DefaultListableBeanFactory.java:1568) ~[spring-beans-6.2.0.jar:6.2.0]
	at org.springframework.beans.factory.support.DefaultListableBeanFactory.resolveDependency(DefaultListableBeanFactory.java:1514) ~[spring-beans-6.2.0.jar:6.2.0]
	at org.springframework.beans.factory.support.ConstructorResolver.resolveAutowiredArgument(ConstructorResolver.java:913) ~[spring-beans-6.2.0.jar:6.2.0]
	at org.springframework.beans.factory.support.ConstructorResolver.createArgumentArray(ConstructorResolver.java:791) ~[spring-beans-6.2.0.jar:6.2.0]
	... 39 common frames omitted
Caused by: org.springframework.data.repository.query.QueryCreationException: Could not create query for public abstract java.util.List sen.saloum.saloum_service.repos.StockRepository.findByQuantiteDisponibleLessThanSeuilAlerte(); Reason: Failed to create query for method public abstract java.util.List sen.saloum.saloum_service.repos.StockRepository.findByQuantiteDisponibleLessThanSeuilAlerte(); No property 'lessThanSeuilAlerte' found for type 'Integer'; Traversed path: Stocke.quantiteDisponible
	at org.springframework.data.repository.query.QueryCreationException.create(QueryCreationException.java:101) ~[spring-data-commons-3.4.0.jar:3.4.0]
	at org.springframework.data.repository.core.support.QueryExecutorMethodInterceptor.lookupQuery(QueryExecutorMethodInterceptor.java:120) ~[spring-data-commons-3.4.0.jar:3.4.0]
	at org.springframework.data.repository.core.support.QueryExecutorMethodInterceptor.mapMethodsToQuery(QueryExecutorMethodInterceptor.java:104) ~[spring-data-commons-3.4.0.jar:3.4.0]
	at org.springframework.data.repository.core.support.QueryExecutorMethodInterceptor.lambda$new$0(QueryExecutorMethodInterceptor.java:92) ~[spring-data-commons-3.4.0.jar:3.4.0]
	at java.base/java.util.Optional.map(Optional.java:260) ~[na:na]
	at org.springframework.data.repository.core.support.QueryExecutorMethodInterceptor.<init>(QueryExecutorMethodInterceptor.java:92) ~[spring-data-commons-3.4.0.jar:3.4.0]
	at org.springframework.data.repository.core.support.RepositoryFactorySupport.getRepository(RepositoryFactorySupport.java:440) ~[spring-data-commons-3.4.0.jar:3.4.0]
	at org.springframework.data.repository.core.support.RepositoryFactoryBeanSupport.lambda$afterPropertiesSet$4(RepositoryFactoryBeanSupport.java:350) ~[spring-data-commons-3.4.0.jar:3.4.0]
	at org.springframework.data.util.Lazy.getNullable(Lazy.java:135) ~[spring-data-commons-3.4.0.jar:3.4.0]
	at org.springframework.data.util.Lazy.get(Lazy.java:113) ~[spring-data-commons-3.4.0.jar:3.4.0]
	at org.springframework.data.repository.core.support.RepositoryFactoryBeanSupport.afterPropertiesSet(RepositoryFactoryBeanSupport.java:356) ~[spring-data-commons-3.4.0.jar:3.4.0]
	at org.springframework.data.jpa.repository.support.JpaRepositoryFactoryBean.afterPropertiesSet(JpaRepositoryFactoryBean.java:132) ~[spring-data-jpa-3.4.0.jar:3.4.0]
	at org.springframework.beans.factory.support.AbstractAutowireCapableBeanFactory.invokeInitMethods(AbstractAutowireCapableBeanFactory.java:1849) ~[spring-beans-6.2.0.jar:6.2.0]
	at org.springframework.beans.factory.support.AbstractAutowireCapableBeanFactory.initializeBean(AbstractAutowireCapableBeanFactory.java:1798) ~[spring-beans-6.2.0.jar:6.2.0]
	... 49 common frames omitted
Caused by: java.lang.IllegalArgumentException: Failed to create query for method public abstract java.util.List sen.saloum.saloum_service.repos.StockRepository.findByQuantiteDisponibleLessThanSeuilAlerte(); No property 'lessThanSeuilAlerte' found for type 'Integer'; Traversed path: Stocke.quantiteDisponible
	at org.springframework.data.jpa.repository.query.PartTreeJpaQuery.<init>(PartTreeJpaQuery.java:107) ~[spring-data-jpa-3.4.0.jar:3.4.0]
	at org.springframework.data.jpa.repository.query.JpaQueryLookupStrategy$CreateQueryLookupStrategy.resolveQuery(JpaQueryLookupStrategy.java:128) ~[spring-data-jpa-3.4.0.jar:3.4.0]
	at org.springframework.data.jpa.repository.query.JpaQueryLookupStrategy$CreateIfNotFoundQueryLookupStrategy.resolveQuery(JpaQueryLookupStrategy.java:262) ~[spring-data-jpa-3.4.0.jar:3.4.0]
	at org.springframework.data.jpa.repository.query.JpaQueryLookupStrategy$AbstractQueryLookupStrategy.resolveQuery(JpaQueryLookupStrategy.java:99) ~[spring-data-jpa-3.4.0.jar:3.4.0]
	at org.springframework.data.repository.core.support.QueryExecutorMethodInterceptor.lookupQuery(QueryExecutorMethodInterceptor.java:116) ~[spring-data-commons-3.4.0.jar:3.4.0]
	... 61 common frames omitted
Caused by: org.springframework.data.mapping.PropertyReferenceException: No property 'lessThanSeuilAlerte' found for type 'Integer'; Traversed path: Stocke.quantiteDisponible
	at org.springframework.data.mapping.PropertyPath.<init>(PropertyPath.java:94) ~[spring-data-commons-3.4.0.jar:3.4.0]
	at org.springframework.data.mapping.PropertyPath.create(PropertyPath.java:455) ~[spring-data-commons-3.4.0.jar:3.4.0]
	at org.springframework.data.mapping.PropertyPath.create(PropertyPath.java:431) ~[spring-data-commons-3.4.0.jar:3.4.0]
	at org.springframework.data.mapping.PropertyPath.create(PropertyPath.java:465) ~[spring-data-commons-3.4.0.jar:3.4.0]
	at org.springframework.data.mapping.PropertyPath.create(PropertyPath.java:488) ~[spring-data-commons-3.4.0.jar:3.4.0]
	at org.springframework.data.mapping.PropertyPath.create(PropertyPath.java:488) ~[spring-data-commons-3.4.0.jar:3.4.0]
	at org.springframework.data.mapping.PropertyPath.create(PropertyPath.java:488) ~[spring-data-commons-3.4.0.jar:3.4.0]
	at org.springframework.data.mapping.PropertyPath.create(PropertyPath.java:488) ~[spring-data-commons-3.4.0.jar:3.4.0]
	at org.springframework.data.mapping.PropertyPath.create(PropertyPath.java:431) ~[spring-data-commons-3.4.0.jar:3.4.0]
	at org.springframework.data.mapping.PropertyPath.lambda$from$0(PropertyPath.java:384) ~[spring-data-commons-3.4.0.jar:3.4.0]
	at java.base/java.util.concurrent.ConcurrentMap.computeIfAbsent(ConcurrentMap.java:330) ~[na:na]
	at org.springframework.data.mapping.PropertyPath.from(PropertyPath.java:366) ~[spring-data-commons-3.4.0.jar:3.4.0]
	at org.springframework.data.mapping.PropertyPath.from(PropertyPath.java:344) ~[spring-data-commons-3.4.0.jar:3.4.0]
	at org.springframework.data.repository.query.parser.Part.<init>(Part.java:81) ~[spring-data-commons-3.4.0.jar:3.4.0]
	at org.springframework.data.repository.query.parser.PartTree$OrPart.lambda$new$0(PartTree.java:259) ~[spring-data-commons-3.4.0.jar:3.4.0]
	at java.base/java.util.stream.ReferencePipeline$3$1.accept(ReferencePipeline.java:197) ~[na:na]
	at java.base/java.util.stream.ReferencePipeline$2$1.accept(ReferencePipeline.java:179) ~[na:na]
	at java.base/java.util.Spliterators$ArraySpliterator.forEachRemaining(Spliterators.java:992) ~[na:na]
	at java.base/java.util.stream.AbstractPipeline.copyInto(AbstractPipeline.java:509) ~[na:na]
	at java.base/java.util.stream.AbstractPipeline.wrapAndCopyInto(AbstractPipeline.java:499) ~[na:na]
	at java.base/java.util.stream.ReduceOps$ReduceOp.evaluateSequential(ReduceOps.java:921) ~[na:na]
	at java.base/java.util.stream.AbstractPipeline.evaluate(AbstractPipeline.java:234) ~[na:na]
	at java.base/java.util.stream.ReferencePipeline.collect(ReferencePipeline.java:682) ~[na:na]
	at org.springframework.data.repository.query.parser.PartTree$OrPart.<init>(PartTree.java:260) ~[spring-data-commons-3.4.0.jar:3.4.0]
	at org.springframework.data.repository.query.parser.PartTree$Predicate.lambda$new$0(PartTree.java:389) ~[spring-data-commons-3.4.0.jar:3.4.0]
	at java.base/java.util.stream.ReferencePipeline$3$1.accept(ReferencePipeline.java:197) ~[na:na]
	at java.base/java.util.stream.ReferencePipeline$2$1.accept(ReferencePipeline.java:179) ~[na:na]
	at java.base/java.util.Spliterators$ArraySpliterator.forEachRemaining(Spliterators.java:992) ~[na:na]
	at java.base/java.util.stream.AbstractPipeline.copyInto(AbstractPipeline.java:509) ~[na:na]
	at java.base/java.util.stream.AbstractPipeline.wrapAndCopyInto(AbstractPipeline.java:499) ~[na:na]
	at java.base/java.util.stream.ReduceOps$ReduceOp.evaluateSequential(ReduceOps.java:921) ~[na:na]
	at java.base/java.util.stream.AbstractPipeline.evaluate(AbstractPipeline.java:234) ~[na:na]
	at java.base/java.util.stream.ReferencePipeline.collect(ReferencePipeline.java:682) ~[na:na]
	at org.springframework.data.repository.query.parser.PartTree$Predicate.<init>(PartTree.java:390) ~[spring-data-commons-3.4.0.jar:3.4.0]
	at org.springframework.data.repository.query.parser.PartTree.<init>(PartTree.java:103) ~[spring-data-commons-3.4.0.jar:3.4.0]
	at org.springframework.data.jpa.repository.query.PartTreeJpaQuery.<init>(PartTreeJpaQuery.java:101) ~[spring-data-jpa-3.4.0.jar:3.4.0]
	... 65 common frames omitted

2025-01-02T20:20:39.918+01:00  INFO 16160 --- [saloum-service] [restartedMain] s.s.s.SaloumServiceApplication           : Starting SaloumServiceApplication using Java 17.0.12 with PID 16160 (C:\saloum-service\target\classes started by User-Hp in C:\saloum-service)
2025-01-02T20:20:39.925+01:00 DEBUG 16160 --- [saloum-service] [restartedMain] s.s.s.SaloumServiceApplication           : Running with Spring Boot v3.4.0, Spring v6.2.0
2025-01-02T20:20:39.926+01:00  INFO 16160 --- [saloum-service] [restartedMain] s.s.s.SaloumServiceApplication           : No active profile set, falling back to 1 default profile: "default"
2025-01-02T20:20:40.235+01:00  INFO 16160 --- [saloum-service] [restartedMain] .e.DevToolsPropertyDefaultsPostProcessor : Devtools property defaults active! Set 'spring.devtools.add-properties' to 'false' to disable
2025-01-02T20:20:40.235+01:00  INFO 16160 --- [saloum-service] [restartedMain] .e.DevToolsPropertyDefaultsPostProcessor : For additional web related logging consider setting the 'logging.level.web' property to 'DEBUG'
2025-01-02T20:20:46.758+01:00  INFO 16160 --- [saloum-service] [restartedMain] .s.d.r.c.RepositoryConfigurationDelegate : Bootstrapping Spring Data JPA repositories in DEFAULT mode.
2025-01-02T20:20:48.294+01:00  INFO 16160 --- [saloum-service] [restartedMain] .s.d.r.c.RepositoryConfigurationDelegate : Finished Spring Data repository scanning in 1081 ms. Found 12 JPA repository interfaces.
2025-01-02T20:21:11.672+01:00  INFO 16160 --- [saloum-service] [restartedMain] o.s.b.w.embedded.tomcat.TomcatWebServer  : Tomcat initialized with port 8080 (http)
2025-01-02T20:21:12.095+01:00  INFO 16160 --- [saloum-service] [restartedMain] o.apache.catalina.core.StandardService   : Starting service [Tomcat]
2025-01-02T20:21:12.098+01:00  INFO 16160 --- [saloum-service] [restartedMain] o.apache.catalina.core.StandardEngine    : Starting Servlet engine: [Apache Tomcat/10.1.33]
2025-01-02T20:21:13.852+01:00  INFO 16160 --- [saloum-service] [restartedMain] o.a.c.c.C.[Tomcat].[localhost].[/]       : Initializing Spring embedded WebApplicationContext
2025-01-02T20:21:13.854+01:00  INFO 16160 --- [saloum-service] [restartedMain] w.s.c.ServletWebServerApplicationContext : Root WebApplicationContext: initialization completed in 33616 ms
2025-01-02T20:21:26.038+01:00 DEBUG 16160 --- [saloum-service] [restartedMain] j.LocalContainerEntityManagerFactoryBean : Building JPA container EntityManagerFactory for persistence unit 'default'
2025-01-02T20:21:28.175+01:00  INFO 16160 --- [saloum-service] [restartedMain] o.hibernate.jpa.internal.util.LogHelper  : HHH000204: Processing PersistenceUnitInfo [name: default]
2025-01-02T20:21:33.250+01:00  INFO 16160 --- [saloum-service] [restartedMain] org.hibernate.Version                    : HHH000412: Hibernate ORM core version 6.6.2.Final
2025-01-02T20:21:34.438+01:00  INFO 16160 --- [saloum-service] [restartedMain] o.h.c.internal.RegionFactoryInitiator    : HHH000026: Second-level cache disabled
2025-01-02T20:21:42.506+01:00  INFO 16160 --- [saloum-service] [restartedMain] o.s.o.j.p.SpringPersistenceUnitInfo      : No LoadTimeWeaver setup: ignoring JPA class transformer
2025-01-02T20:21:43.239+01:00  INFO 16160 --- [saloum-service] [restartedMain] com.zaxxer.hikari.HikariDataSource       : HikariPool-1 - Starting...
2025-01-02T20:21:50.026+01:00  INFO 16160 --- [saloum-service] [restartedMain] com.zaxxer.hikari.pool.HikariPool        : HikariPool-1 - Added connection com.mysql.cj.jdbc.ConnectionImpl@60f13779
2025-01-02T20:21:50.097+01:00  INFO 16160 --- [saloum-service] [restartedMain] com.zaxxer.hikari.HikariDataSource       : HikariPool-1 - Start completed.
2025-01-02T20:21:50.941+01:00  WARN 16160 --- [saloum-service] [restartedMain] org.hibernate.orm.deprecation            : HHH90000025: MySQLDialect does not need to be specified explicitly using 'hibernate.dialect' (remove the property setting and it will be selected by default)
2025-01-02T20:21:51.154+01:00  INFO 16160 --- [saloum-service] [restartedMain] org.hibernate.orm.connections.pooling    : HHH10001005: Database info:
	Database JDBC URL [Connecting through datasource 'HikariDataSource (HikariPool-1)']
	Database driver: undefined/unknown
	Database version: 8.0.40
	Autocommit mode: undefined/unknown
	Isolation level: undefined/unknown
	Minimum pool size: undefined/unknown
	Maximum pool size: undefined/unknown
2025-01-02T20:21:57.559+01:00  INFO 16160 --- [saloum-service] [restartedMain] o.h.e.t.j.p.i.JtaPlatformInitiator       : HHH000489: No JTA platform available (set 'hibernate.transaction.jta.platform' to enable JTA platform integration)
2025-01-02T20:21:58.805+01:00  INFO 16160 --- [saloum-service] [restartedMain] j.LocalContainerEntityManagerFactoryBean : Initialized JPA EntityManagerFactory for persistence unit 'default'
2025-01-02T20:21:59.184+01:00 DEBUG 16160 --- [saloum-service] [restartedMain] tor$SharedEntityManagerInvocationHandler : Creating new EntityManager for shared EntityManager invocation
2025-01-02T20:21:59.283+01:00 DEBUG 16160 --- [saloum-service] [restartedMain] tor$SharedEntityManagerInvocationHandler : Creating new EntityManager for shared EntityManager invocation
2025-01-02T20:21:59.607+01:00 DEBUG 16160 --- [saloum-service] [restartedMain] tor$SharedEntityManagerInvocationHandler : Creating new EntityManager for shared EntityManager invocation
2025-01-02T20:21:59.726+01:00 DEBUG 16160 --- [saloum-service] [restartedMain] tor$SharedEntityManagerInvocationHandler : Creating new EntityManager for shared EntityManager invocation
2025-01-02T20:21:59.728+01:00 DEBUG 16160 --- [saloum-service] [restartedMain] tor$SharedEntityManagerInvocationHandler : Creating new EntityManager for shared EntityManager invocation
2025-01-02T20:21:59.858+01:00 DEBUG 16160 --- [saloum-service] [restartedMain] tor$SharedEntityManagerInvocationHandler : Creating new EntityManager for shared EntityManager invocation
2025-01-02T20:22:00.022+01:00 DEBUG 16160 --- [saloum-service] [restartedMain] tor$SharedEntityManagerInvocationHandler : Creating new EntityManager for shared EntityManager invocation
2025-01-02T20:22:00.024+01:00 DEBUG 16160 --- [saloum-service] [restartedMain] tor$SharedEntityManagerInvocationHandler : Creating new EntityManager for shared EntityManager invocation
2025-01-02T20:22:00.163+01:00 DEBUG 16160 --- [saloum-service] [restartedMain] tor$SharedEntityManagerInvocationHandler : Creating new EntityManager for shared EntityManager invocation
2025-01-02T20:22:00.165+01:00 DEBUG 16160 --- [saloum-service] [restartedMain] tor$SharedEntityManagerInvocationHandler : Creating new EntityManager for shared EntityManager invocation
2025-01-02T20:22:00.333+01:00 DEBUG 16160 --- [saloum-service] [restartedMain] tor$SharedEntityManagerInvocationHandler : Creating new EntityManager for shared EntityManager invocation
2025-01-02T20:22:00.335+01:00 DEBUG 16160 --- [saloum-service] [restartedMain] tor$SharedEntityManagerInvocationHandler : Creating new EntityManager for shared EntityManager invocation
2025-01-02T20:22:00.349+01:00 DEBUG 16160 --- [saloum-service] [restartedMain] tor$SharedEntityManagerInvocationHandler : Creating new EntityManager for shared EntityManager invocation
2025-01-02T20:22:00.352+01:00 DEBUG 16160 --- [saloum-service] [restartedMain] tor$SharedEntityManagerInvocationHandler : Creating new EntityManager for shared EntityManager invocation
2025-01-02T20:22:00.451+01:00 DEBUG 16160 --- [saloum-service] [restartedMain] tor$SharedEntityManagerInvocationHandler : Creating new EntityManager for shared EntityManager invocation
2025-01-02T20:22:00.504+01:00 DEBUG 16160 --- [saloum-service] [restartedMain] tor$SharedEntityManagerInvocationHandler : Creating new EntityManager for shared EntityManager invocation
2025-01-02T20:22:00.589+01:00 DEBUG 16160 --- [saloum-service] [restartedMain] tor$SharedEntityManagerInvocationHandler : Creating new EntityManager for shared EntityManager invocation
2025-01-02T20:22:00.591+01:00 DEBUG 16160 --- [saloum-service] [restartedMain] tor$SharedEntityManagerInvocationHandler : Creating new EntityManager for shared EntityManager invocation
2025-01-02T20:22:00.609+01:00 DEBUG 16160 --- [saloum-service] [restartedMain] tor$SharedEntityManagerInvocationHandler : Creating new EntityManager for shared EntityManager invocation
2025-01-02T20:22:00.611+01:00 DEBUG 16160 --- [saloum-service] [restartedMain] tor$SharedEntityManagerInvocationHandler : Creating new EntityManager for shared EntityManager invocation
2025-01-02T20:22:00.747+01:00 DEBUG 16160 --- [saloum-service] [restartedMain] tor$SharedEntityManagerInvocationHandler : Creating new EntityManager for shared EntityManager invocation
2025-01-02T20:22:00.749+01:00 DEBUG 16160 --- [saloum-service] [restartedMain] tor$SharedEntityManagerInvocationHandler : Creating new EntityManager for shared EntityManager invocation
2025-01-02T20:22:00.785+01:00 DEBUG 16160 --- [saloum-service] [restartedMain] tor$SharedEntityManagerInvocationHandler : Creating new EntityManager for shared EntityManager invocation
2025-01-02T20:22:00.843+01:00  INFO 16160 --- [saloum-service] [restartedMain] o.s.d.j.r.query.QueryEnhancerFactory     : Hibernate is in classpath; If applicable, HQL parser will be used.
2025-01-02T20:22:02.404+01:00  WARN 16160 --- [saloum-service] [restartedMain] JpaBaseConfiguration$JpaWebConfiguration : spring.jpa.open-in-view is enabled by default. Therefore, database queries may be performed during view rendering. Explicitly configure spring.jpa.open-in-view to disable this warning
2025-01-02T20:22:04.052+01:00 DEBUG 16160 --- [saloum-service] [restartedMain] tor$SharedEntityManagerInvocationHandler : Creating new EntityManager for shared EntityManager invocation
2025-01-02T20:22:04.054+01:00 DEBUG 16160 --- [saloum-service] [restartedMain] tor$SharedEntityManagerInvocationHandler : Creating new EntityManager for shared EntityManager invocation
2025-01-02T20:22:04.070+01:00 DEBUG 16160 --- [saloum-service] [restartedMain] tor$SharedEntityManagerInvocationHandler : Creating new EntityManager for shared EntityManager invocation
2025-01-02T20:22:04.080+01:00 DEBUG 16160 --- [saloum-service] [restartedMain] tor$SharedEntityManagerInvocationHandler : Creating new EntityManager for shared EntityManager invocation
2025-01-02T20:22:04.402+01:00  INFO 16160 --- [saloum-service] [restartedMain] o.s.b.d.a.OptionalLiveReloadServer       : LiveReload server is running on port 35729
2025-01-02T20:22:04.644+01:00  INFO 16160 --- [saloum-service] [restartedMain] o.s.b.w.embedded.tomcat.TomcatWebServer  : Tomcat started on port 8080 (http) with context path '/'
2025-01-02T20:22:04.665+01:00  INFO 16160 --- [saloum-service] [restartedMain] s.s.s.SaloumServiceApplication           : Started SaloumServiceApplication in 88.554 seconds (process running for 95.546)
2025-01-02T20:41:10.071+01:00  INFO 16160 --- [saloum-service] [SpringApplicationShutdownHook] o.s.b.w.e.tomcat.GracefulShutdown        : Commencing graceful shutdown. Waiting for active requests to complete
2025-01-02T20:41:10.480+01:00  INFO 16160 --- [saloum-service] [tomcat-shutdown] o.s.b.w.e.tomcat.GracefulShutdown        : Graceful shutdown complete
2025-01-02T20:41:10.508+01:00  INFO 16160 --- [saloum-service] [SpringApplicationShutdownHook] j.LocalContainerEntityManagerFactoryBean : Closing JPA EntityManagerFactory for persistence unit 'default'
2025-01-02T20:41:10.552+01:00  INFO 16160 --- [saloum-service] [SpringApplicationShutdownHook] com.zaxxer.hikari.HikariDataSource       : HikariPool-1 - Shutdown initiated...
2025-01-02T20:41:10.856+01:00  INFO 16160 --- [saloum-service] [SpringApplicationShutdownHook] com.zaxxer.hikari.HikariDataSource       : HikariPool-1 - Shutdown completed.
2025-01-02T20:41:47.721+01:00  INFO 8664 --- [saloum-service] [restartedMain] s.s.s.SaloumServiceApplication           : Starting SaloumServiceApplication using Java 17.0.12 with PID 8664 (C:\saloum-service\target\classes started by User-Hp in C:\saloum-service)
2025-01-02T20:41:47.725+01:00 DEBUG 8664 --- [saloum-service] [restartedMain] s.s.s.SaloumServiceApplication           : Running with Spring Boot v3.4.0, Spring v6.2.0
2025-01-02T20:41:47.728+01:00  INFO 8664 --- [saloum-service] [restartedMain] s.s.s.SaloumServiceApplication           : No active profile set, falling back to 1 default profile: "default"
2025-01-02T20:41:47.838+01:00  INFO 8664 --- [saloum-service] [restartedMain] .e.DevToolsPropertyDefaultsPostProcessor : Devtools property defaults active! Set 'spring.devtools.add-properties' to 'false' to disable
2025-01-02T20:41:47.838+01:00  INFO 8664 --- [saloum-service] [restartedMain] .e.DevToolsPropertyDefaultsPostProcessor : For additional web related logging consider setting the 'logging.level.web' property to 'DEBUG'
2025-01-02T20:41:52.850+01:00  INFO 8664 --- [saloum-service] [restartedMain] .s.d.r.c.RepositoryConfigurationDelegate : Bootstrapping Spring Data JPA repositories in DEFAULT mode.
2025-01-02T20:41:53.114+01:00  INFO 8664 --- [saloum-service] [restartedMain] .s.d.r.c.RepositoryConfigurationDelegate : Finished Spring Data repository scanning in 249 ms. Found 12 JPA repository interfaces.
2025-01-02T20:41:54.956+01:00  INFO 8664 --- [saloum-service] [restartedMain] o.s.b.w.embedded.tomcat.TomcatWebServer  : Tomcat initialized with port 8080 (http)
2025-01-02T20:41:55.017+01:00  INFO 8664 --- [saloum-service] [restartedMain] o.apache.catalina.core.StandardService   : Starting service [Tomcat]
2025-01-02T20:41:55.018+01:00  INFO 8664 --- [saloum-service] [restartedMain] o.apache.catalina.core.StandardEngine    : Starting Servlet engine: [Apache Tomcat/10.1.33]
2025-01-02T20:41:55.204+01:00  INFO 8664 --- [saloum-service] [restartedMain] o.a.c.c.C.[Tomcat].[localhost].[/]       : Initializing Spring embedded WebApplicationContext
2025-01-02T20:41:55.206+01:00  INFO 8664 --- [saloum-service] [restartedMain] w.s.c.ServletWebServerApplicationContext : Root WebApplicationContext: initialization completed in 7366 ms
2025-01-02T20:41:55.709+01:00 DEBUG 8664 --- [saloum-service] [restartedMain] j.LocalContainerEntityManagerFactoryBean : Building JPA container EntityManagerFactory for persistence unit 'default'
2025-01-02T20:41:55.808+01:00  INFO 8664 --- [saloum-service] [restartedMain] o.hibernate.jpa.internal.util.LogHelper  : HHH000204: Processing PersistenceUnitInfo [name: default]
2025-01-02T20:41:56.139+01:00  INFO 8664 --- [saloum-service] [restartedMain] org.hibernate.Version                    : HHH000412: Hibernate ORM core version 6.6.2.Final
2025-01-02T20:41:56.302+01:00  INFO 8664 --- [saloum-service] [restartedMain] o.h.c.internal.RegionFactoryInitiator    : HHH000026: Second-level cache disabled
2025-01-02T20:41:57.041+01:00  INFO 8664 --- [saloum-service] [restartedMain] o.s.o.j.p.SpringPersistenceUnitInfo      : No LoadTimeWeaver setup: ignoring JPA class transformer
2025-01-02T20:41:57.096+01:00  INFO 8664 --- [saloum-service] [restartedMain] com.zaxxer.hikari.HikariDataSource       : HikariPool-1 - Starting...
2025-01-02T20:41:58.302+01:00  INFO 8664 --- [saloum-service] [restartedMain] com.zaxxer.hikari.pool.HikariPool        : HikariPool-1 - Added connection com.mysql.cj.jdbc.ConnectionImpl@b3bc11e
2025-01-02T20:41:58.306+01:00  INFO 8664 --- [saloum-service] [restartedMain] com.zaxxer.hikari.HikariDataSource       : HikariPool-1 - Start completed.
2025-01-02T20:41:59.029+01:00  WARN 8664 --- [saloum-service] [restartedMain] org.hibernate.orm.deprecation            : HHH90000025: MySQLDialect does not need to be specified explicitly using 'hibernate.dialect' (remove the property setting and it will be selected by default)
2025-01-02T20:41:59.126+01:00  INFO 8664 --- [saloum-service] [restartedMain] org.hibernate.orm.connections.pooling    : HHH10001005: Database info:
	Database JDBC URL [Connecting through datasource 'HikariDataSource (HikariPool-1)']
	Database driver: undefined/unknown
	Database version: 8.0.40
	Autocommit mode: undefined/unknown
	Isolation level: undefined/unknown
	Minimum pool size: undefined/unknown
	Maximum pool size: undefined/unknown
2025-01-02T20:42:02.010+01:00  INFO 8664 --- [saloum-service] [restartedMain] o.h.e.t.j.p.i.JtaPlatformInitiator       : HHH000489: No JTA platform available (set 'hibernate.transaction.jta.platform' to enable JTA platform integration)
2025-01-02T20:42:03.043+01:00  INFO 8664 --- [saloum-service] [restartedMain] j.LocalContainerEntityManagerFactoryBean : Initialized JPA EntityManagerFactory for persistence unit 'default'
2025-01-02T20:42:03.253+01:00 DEBUG 8664 --- [saloum-service] [restartedMain] tor$SharedEntityManagerInvocationHandler : Creating new EntityManager for shared EntityManager invocation
2025-01-02T20:42:03.401+01:00 DEBUG 8664 --- [saloum-service] [restartedMain] tor$SharedEntityManagerInvocationHandler : Creating new EntityManager for shared EntityManager invocation
2025-01-02T20:42:03.634+01:00 DEBUG 8664 --- [saloum-service] [restartedMain] tor$SharedEntityManagerInvocationHandler : Creating new EntityManager for shared EntityManager invocation
2025-01-02T20:42:03.714+01:00 DEBUG 8664 --- [saloum-service] [restartedMain] tor$SharedEntityManagerInvocationHandler : Creating new EntityManager for shared EntityManager invocation
2025-01-02T20:42:03.716+01:00 DEBUG 8664 --- [saloum-service] [restartedMain] tor$SharedEntityManagerInvocationHandler : Creating new EntityManager for shared EntityManager invocation
2025-01-02T20:42:03.773+01:00 DEBUG 8664 --- [saloum-service] [restartedMain] tor$SharedEntityManagerInvocationHandler : Creating new EntityManager for shared EntityManager invocation
2025-01-02T20:42:03.928+01:00 DEBUG 8664 --- [saloum-service] [restartedMain] tor$SharedEntityManagerInvocationHandler : Creating new EntityManager for shared EntityManager invocation
2025-01-02T20:42:03.930+01:00 DEBUG 8664 --- [saloum-service] [restartedMain] tor$SharedEntityManagerInvocationHandler : Creating new EntityManager for shared EntityManager invocation
2025-01-02T20:42:03.964+01:00 DEBUG 8664 --- [saloum-service] [restartedMain] tor$SharedEntityManagerInvocationHandler : Creating new EntityManager for shared EntityManager invocation
2025-01-02T20:42:03.965+01:00 DEBUG 8664 --- [saloum-service] [restartedMain] tor$SharedEntityManagerInvocationHandler : Creating new EntityManager for shared EntityManager invocation
2025-01-02T20:42:04.056+01:00 DEBUG 8664 --- [saloum-service] [restartedMain] tor$SharedEntityManagerInvocationHandler : Creating new EntityManager for shared EntityManager invocation
2025-01-02T20:42:04.058+01:00 DEBUG 8664 --- [saloum-service] [restartedMain] tor$SharedEntityManagerInvocationHandler : Creating new EntityManager for shared EntityManager invocation
2025-01-02T20:42:04.077+01:00 DEBUG 8664 --- [saloum-service] [restartedMain] tor$SharedEntityManagerInvocationHandler : Creating new EntityManager for shared EntityManager invocation
2025-01-02T20:42:04.079+01:00 DEBUG 8664 --- [saloum-service] [restartedMain] tor$SharedEntityManagerInvocationHandler : Creating new EntityManager for shared EntityManager invocation
2025-01-02T20:42:04.105+01:00 DEBUG 8664 --- [saloum-service] [restartedMain] tor$SharedEntityManagerInvocationHandler : Creating new EntityManager for shared EntityManager invocation
2025-01-02T20:42:04.122+01:00 DEBUG 8664 --- [saloum-service] [restartedMain] tor$SharedEntityManagerInvocationHandler : Creating new EntityManager for shared EntityManager invocation
2025-01-02T20:42:04.262+01:00 DEBUG 8664 --- [saloum-service] [restartedMain] tor$SharedEntityManagerInvocationHandler : Creating new EntityManager for shared EntityManager invocation
2025-01-02T20:42:04.300+01:00 DEBUG 8664 --- [saloum-service] [restartedMain] tor$SharedEntityManagerInvocationHandler : Creating new EntityManager for shared EntityManager invocation
2025-01-02T20:42:04.316+01:00 DEBUG 8664 --- [saloum-service] [restartedMain] tor$SharedEntityManagerInvocationHandler : Creating new EntityManager for shared EntityManager invocation
2025-01-02T20:42:04.318+01:00 DEBUG 8664 --- [saloum-service] [restartedMain] tor$SharedEntityManagerInvocationHandler : Creating new EntityManager for shared EntityManager invocation
2025-01-02T20:42:04.384+01:00 DEBUG 8664 --- [saloum-service] [restartedMain] tor$SharedEntityManagerInvocationHandler : Creating new EntityManager for shared EntityManager invocation
2025-01-02T20:42:04.386+01:00 DEBUG 8664 --- [saloum-service] [restartedMain] tor$SharedEntityManagerInvocationHandler : Creating new EntityManager for shared EntityManager invocation
2025-01-02T20:42:04.398+01:00 DEBUG 8664 --- [saloum-service] [restartedMain] tor$SharedEntityManagerInvocationHandler : Creating new EntityManager for shared EntityManager invocation
2025-01-02T20:42:04.416+01:00  INFO 8664 --- [saloum-service] [restartedMain] o.s.d.j.r.query.QueryEnhancerFactory     : Hibernate is in classpath; If applicable, HQL parser will be used.
2025-01-02T20:42:05.897+01:00 DEBUG 8664 --- [saloum-service] [restartedMain] tor$SharedEntityManagerInvocationHandler : Creating new EntityManager for shared EntityManager invocation
2025-01-02T20:42:06.032+01:00  WARN 8664 --- [saloum-service] [restartedMain] JpaBaseConfiguration$JpaWebConfiguration : spring.jpa.open-in-view is enabled by default. Therefore, database queries may be performed during view rendering. Explicitly configure spring.jpa.open-in-view to disable this warning
2025-01-02T20:42:08.306+01:00 DEBUG 8664 --- [saloum-service] [restartedMain] tor$SharedEntityManagerInvocationHandler : Creating new EntityManager for shared EntityManager invocation
2025-01-02T20:42:08.308+01:00 DEBUG 8664 --- [saloum-service] [restartedMain] tor$SharedEntityManagerInvocationHandler : Creating new EntityManager for shared EntityManager invocation
2025-01-02T20:42:08.324+01:00 DEBUG 8664 --- [saloum-service] [restartedMain] tor$SharedEntityManagerInvocationHandler : Creating new EntityManager for shared EntityManager invocation
2025-01-02T20:42:08.333+01:00 DEBUG 8664 --- [saloum-service] [restartedMain] tor$SharedEntityManagerInvocationHandler : Creating new EntityManager for shared EntityManager invocation
2025-01-02T20:42:08.570+01:00  INFO 8664 --- [saloum-service] [restartedMain] o.s.b.d.a.OptionalLiveReloadServer       : LiveReload server is running on port 35729
2025-01-02T20:42:08.699+01:00  INFO 8664 --- [saloum-service] [restartedMain] o.s.b.w.embedded.tomcat.TomcatWebServer  : Tomcat started on port 8080 (http) with context path '/'
2025-01-02T20:42:08.728+01:00  INFO 8664 --- [saloum-service] [restartedMain] s.s.s.SaloumServiceApplication           : Started SaloumServiceApplication in 23.629 seconds (process running for 27.69)
